{"D:\\workspaces\\go\\src\\github.com\\VDHewei\\xlsx-template-lib\\src\\bin-helpers.ts": {"path":"D:\\workspaces\\go\\src\\github.com\\VDHewei\\xlsx-template-lib\\src\\bin-helpers.ts","statementMap":{"0":{"start":{"line":15,"column":21},"end":{"line":15,"column":70}},"1":{"start":{"line":16,"column":22},"end":{"line":16,"column":32}},"2":{"start":{"line":17,"column":4},"end":{"line":17,"column":null}},"3":{"start":{"line":26,"column":25},"end":{"line":26,"column":47}},"4":{"start":{"line":27,"column":4},"end":{"line":28,"column":null}},"5":{"start":{"line":28,"column":8},"end":{"line":28,"column":null}},"6":{"start":{"line":31,"column":22},"end":{"line":31,"column":70}},"7":{"start":{"line":32,"column":25},"end":{"line":32,"column":58}},"8":{"start":{"line":33,"column":4},"end":{"line":34,"column":null}},"9":{"start":{"line":34,"column":8},"end":{"line":34,"column":null}},"10":{"start":{"line":36,"column":4},"end":{"line":36,"column":null}},"11":{"start":{"line":44,"column":4},"end":{"line":45,"column":null}},"12":{"start":{"line":45,"column":8},"end":{"line":45,"column":null}},"13":{"start":{"line":48,"column":4},"end":{"line":76,"column":null}},"14":{"start":{"line":50,"column":8},"end":{"line":50,"column":null}},"15":{"start":{"line":53,"column":8},"end":{"line":76,"column":null}},"16":{"start":{"line":54,"column":29},"end":{"line":54,"column":62}},"17":{"start":{"line":55,"column":32},"end":{"line":55,"column":68}},"18":{"start":{"line":56,"column":12},"end":{"line":56,"column":null}},"19":{"start":{"line":59,"column":12},"end":{"line":74,"column":null}},"20":{"start":{"line":62,"column":16},"end":{"line":70,"column":null}},"21":{"start":{"line":63,"column":20},"end":{"line":63,"column":null}},"22":{"start":{"line":65,"column":20},"end":{"line":70,"column":null}},"23":{"start":{"line":67,"column":42},"end":{"line":67,"column":null}},"24":{"start":{"line":68,"column":24},"end":{"line":68,"column":null}},"25":{"start":{"line":70,"column":24},"end":{"line":70,"column":null}},"26":{"start":{"line":73,"column":33},"end":{"line":73,"column":56}},"27":{"start":{"line":74,"column":16},"end":{"line":74,"column":null}},"28":{"start":{"line":76,"column":12},"end":{"line":76,"column":null}},"29":{"start":{"line":86,"column":19},"end":{"line":86,"column":35}},"30":{"start":{"line":87,"column":18},"end":{"line":87,"column":56}},"31":{"start":{"line":87,"column":35},"end":{"line":87,"column":56}},"32":{"start":{"line":89,"column":4},"end":{"line":90,"column":null}},"33":{"start":{"line":90,"column":8},"end":{"line":90,"column":null}},"34":{"start":{"line":104,"column":21},"end":{"line":104,"column":51}},"35":{"start":{"line":105,"column":20},"end":{"line":105,"column":52}},"36":{"start":{"line":108,"column":4},"end":{"line":110,"column":null}},"37":{"start":{"line":109,"column":8},"end":{"line":109,"column":null}},"38":{"start":{"line":110,"column":8},"end":{"line":110,"column":null}},"39":{"start":{"line":114,"column":19},"end":{"line":114,"column":null}},"40":{"start":{"line":115,"column":21},"end":{"line":115,"column":null}},"41":{"start":{"line":116,"column":22},"end":{"line":116,"column":null}},"42":{"start":{"line":119,"column":4},"end":{"line":149,"column":null}},"43":{"start":{"line":120,"column":21},"end":{"line":120,"column":35}},"44":{"start":{"line":121,"column":26},"end":{"line":121,"column":55}},"45":{"start":{"line":124,"column":8},"end":{"line":125,"column":null}},"46":{"start":{"line":125,"column":12},"end":{"line":125,"column":null}},"47":{"start":{"line":129,"column":8},"end":{"line":146,"column":null}},"48":{"start":{"line":131,"column":22},"end":{"line":131,"column":null}},"49":{"start":{"line":132,"column":12},"end":{"line":137,"column":null}},"50":{"start":{"line":133,"column":33},"end":{"line":133,"column":49}},"51":{"start":{"line":134,"column":16},"end":{"line":135,"column":null}},"52":{"start":{"line":135,"column":20},"end":{"line":135,"column":null}},"53":{"start":{"line":137,"column":16},"end":{"line":137,"column":null}},"54":{"start":{"line":141,"column":12},"end":{"line":146,"column":null}},"55":{"start":{"line":142,"column":16},"end":{"line":142,"column":null}},"56":{"start":{"line":143,"column":16},"end":{"line":143,"column":null}},"57":{"start":{"line":146,"column":16},"end":{"line":146,"column":null}},"58":{"start":{"line":152,"column":4},"end":{"line":153,"column":null}},"59":{"start":{"line":153,"column":8},"end":{"line":153,"column":null}},"60":{"start":{"line":157,"column":20},"end":{"line":157,"column":48}},"61":{"start":{"line":158,"column":4},"end":{"line":163,"column":null}},"62":{"start":{"line":160,"column":25},"end":{"line":160,"column":45}},"63":{"start":{"line":161,"column":8},"end":{"line":161,"column":null}},"64":{"start":{"line":162,"column":8},"end":{"line":162,"column":null}},"65":{"start":{"line":163,"column":8},"end":{"line":163,"column":null}},"66":{"start":{"line":167,"column":18},"end":{"line":167,"column":null}},"67":{"start":{"line":168,"column":4},"end":{"line":173,"column":null}},"68":{"start":{"line":169,"column":29},"end":{"line":169,"column":55}},"69":{"start":{"line":170,"column":8},"end":{"line":171,"column":null}},"70":{"start":{"line":171,"column":12},"end":{"line":171,"column":null}},"71":{"start":{"line":173,"column":8},"end":{"line":173,"column":null}},"72":{"start":{"line":177,"column":4},"end":{"line":188,"column":null}},"73":{"start":{"line":178,"column":25},"end":{"line":178,"column":51}},"74":{"start":{"line":179,"column":8},"end":{"line":179,"column":null}},"75":{"start":{"line":180,"column":8},"end":{"line":180,"column":null}},"76":{"start":{"line":183,"column":23},"end":{"line":183,"column":51}},"77":{"start":{"line":184,"column":8},"end":{"line":184,"column":null}},"78":{"start":{"line":186,"column":8},"end":{"line":186,"column":null}},"79":{"start":{"line":188,"column":8},"end":{"line":188,"column":null}},"80":{"start":{"line":192,"column":19},"end":{"line":192,"column":52}},"81":{"start":{"line":193,"column":4},"end":{"line":193,"column":null}},"82":{"start":{"line":204,"column":25},"end":{"line":204,"column":56}},"83":{"start":{"line":205,"column":24},"end":{"line":205,"column":64}},"84":{"start":{"line":206,"column":18},"end":{"line":206,"column":41}},"85":{"start":{"line":207,"column":52},"end":{"line":207,"column":54}},"86":{"start":{"line":208,"column":23},"end":{"line":208,"column":null}},"87":{"start":{"line":210,"column":4},"end":{"line":239,"column":null}},"88":{"start":{"line":210,"column":17},"end":{"line":210,"column":20}},"89":{"start":{"line":211,"column":21},"end":{"line":211,"column":36}},"90":{"start":{"line":214,"column":8},"end":{"line":215,"column":null}},"91":{"start":{"line":215,"column":12},"end":{"line":215,"column":null}},"92":{"start":{"line":219,"column":27},"end":{"line":219,"column":44}},"93":{"start":{"line":220,"column":8},"end":{"line":222,"column":null}},"94":{"start":{"line":221,"column":12},"end":{"line":221,"column":null}},"95":{"start":{"line":222,"column":12},"end":{"line":222,"column":null}},"96":{"start":{"line":225,"column":21},"end":{"line":225,"column":57}},"97":{"start":{"line":226,"column":21},"end":{"line":226,"column":58}},"98":{"start":{"line":228,"column":8},"end":{"line":230,"column":null}},"99":{"start":{"line":229,"column":12},"end":{"line":229,"column":null}},"100":{"start":{"line":230,"column":12},"end":{"line":230,"column":null}},"101":{"start":{"line":234,"column":8},"end":{"line":236,"column":null}},"102":{"start":{"line":235,"column":12},"end":{"line":235,"column":null}},"103":{"start":{"line":236,"column":12},"end":{"line":236,"column":null}},"104":{"start":{"line":239,"column":8},"end":{"line":239,"column":null}},"105":{"start":{"line":242,"column":4},"end":{"line":243,"column":null}},"106":{"start":{"line":243,"column":8},"end":{"line":243,"column":null}},"107":{"start":{"line":246,"column":4},"end":{"line":246,"column":null}},"108":{"start":{"line":259,"column":17},"end":{"line":259,"column":null}},"109":{"start":{"line":261,"column":4},"end":{"line":263,"column":null}},"110":{"start":{"line":262,"column":8},"end":{"line":262,"column":null}},"111":{"start":{"line":263,"column":8},"end":{"line":263,"column":null}},"112":{"start":{"line":266,"column":4},"end":{"line":266,"column":null}}},"fnMap":{"0":{"name":"generateOutputFilename","decl":{"start":{"line":14,"column":16},"end":{"line":14,"column":39}},"loc":{"start":{"line":14,"column":66},"end":{"line":17,"column":null}},"line":14},"1":{"name":"resolveFilePath","decl":{"start":{"line":24,"column":22},"end":{"line":24,"column":38}},"loc":{"start":{"line":24,"column":73},"end":{"line":36,"column":null}},"line":24},"2":{"name":"parseRenderData","decl":{"start":{"line":43,"column":22},"end":{"line":43,"column":38}},"loc":{"start":{"line":43,"column":100},"end":{"line":76,"column":null}},"line":43},"3":{"name":"checkSheetAndPlaceholders","decl":{"start":{"line":85,"column":16},"end":{"line":85,"column":42}},"loc":{"start":{"line":85,"column":85},"end":{"line":90,"column":null}},"line":85},"4":{"name":"(anonymous_4)","decl":{"start":{"line":87,"column":25},"end":{"line":87,"column":30}},"loc":{"start":{"line":87,"column":35},"end":{"line":87,"column":56}},"line":87},"5":{"name":"addRuleToSheet","decl":{"start":{"line":98,"column":22},"end":{"line":98,"column":null}},"loc":{"start":{"line":103,"column":19},"end":{"line":193,"column":null}},"line":103},"6":{"name":"(anonymous_6)","decl":{"start":{"line":119,"column":14},"end":{"line":119,"column":23}},"loc":{"start":{"line":119,"column":42},"end":{"line":149,"column":null}},"line":119},"7":{"name":"parseRulesFromFile","decl":{"start":{"line":203,"column":22},"end":{"line":203,"column":41}},"loc":{"start":{"line":203,"column":102},"end":{"line":246,"column":null}},"line":203},"8":{"name":"addMultipleRulesToSheet","decl":{"start":{"line":255,"column":22},"end":{"line":255,"column":null}},"loc":{"start":{"line":258,"column":19},"end":{"line":266,"column":null}},"line":258}},"branchMap":{"0":{"loc":{"start":{"line":27,"column":4},"end":{"line":28,"column":null}},"type":"if","locations":[{"start":{"line":27,"column":4},"end":{"line":28,"column":null}},{"start":{},"end":{}}],"line":27},"1":{"loc":{"start":{"line":33,"column":4},"end":{"line":34,"column":null}},"type":"if","locations":[{"start":{"line":33,"column":4},"end":{"line":34,"column":null}},{"start":{},"end":{}}],"line":33},"2":{"loc":{"start":{"line":44,"column":4},"end":{"line":45,"column":null}},"type":"if","locations":[{"start":{"line":44,"column":4},"end":{"line":45,"column":null}},{"start":{},"end":{}}],"line":44},"3":{"loc":{"start":{"line":59,"column":12},"end":{"line":74,"column":null}},"type":"if","locations":[{"start":{"line":59,"column":12},"end":{"line":74,"column":null}},{"start":{},"end":{}}],"line":59},"4":{"loc":{"start":{"line":59,"column":16},"end":{"line":59,"column":85}},"type":"binary-expr","locations":[{"start":{"line":59,"column":16},"end":{"line":59,"column":48}},{"start":{"line":59,"column":52},"end":{"line":59,"column":85}}],"line":59},"5":{"loc":{"start":{"line":89,"column":4},"end":{"line":90,"column":null}},"type":"if","locations":[{"start":{"line":89,"column":4},"end":{"line":90,"column":null}},{"start":{},"end":{}}],"line":89},"6":{"loc":{"start":{"line":102,"column":4},"end":{"line":102,"column":null}},"type":"default-arg","locations":[{"start":{"line":102,"column":24},"end":{"line":102,"column":null}}],"line":102},"7":{"loc":{"start":{"line":108,"column":4},"end":{"line":110,"column":null}},"type":"if","locations":[{"start":{"line":108,"column":4},"end":{"line":110,"column":null}},{"start":{},"end":{}}],"line":108},"8":{"loc":{"start":{"line":124,"column":8},"end":{"line":125,"column":null}},"type":"if","locations":[{"start":{"line":124,"column":8},"end":{"line":125,"column":null}},{"start":{},"end":{}}],"line":124},"9":{"loc":{"start":{"line":129,"column":8},"end":{"line":146,"column":null}},"type":"if","locations":[{"start":{"line":129,"column":8},"end":{"line":146,"column":null}},{"start":{},"end":{}}],"line":129},"10":{"loc":{"start":{"line":134,"column":16},"end":{"line":135,"column":null}},"type":"if","locations":[{"start":{"line":134,"column":16},"end":{"line":135,"column":null}},{"start":{},"end":{}}],"line":134},"11":{"loc":{"start":{"line":141,"column":12},"end":{"line":146,"column":null}},"type":"if","locations":[{"start":{"line":141,"column":12},"end":{"line":146,"column":null}},{"start":{"line":144,"column":19},"end":{"line":146,"column":null}}],"line":141},"12":{"loc":{"start":{"line":152,"column":4},"end":{"line":153,"column":null}},"type":"if","locations":[{"start":{"line":152,"column":4},"end":{"line":153,"column":null}},{"start":{},"end":{}}],"line":152},"13":{"loc":{"start":{"line":152,"column":8},"end":{"line":152,"column":72}},"type":"binary-expr","locations":[{"start":{"line":152,"column":8},"end":{"line":152,"column":26}},{"start":{"line":152,"column":26},"end":{"line":152,"column":46}},{"start":{"line":152,"column":46},"end":{"line":152,"column":72}}],"line":152},"14":{"loc":{"start":{"line":158,"column":4},"end":{"line":163,"column":null}},"type":"if","locations":[{"start":{"line":158,"column":4},"end":{"line":163,"column":null}},{"start":{},"end":{}}],"line":158},"15":{"loc":{"start":{"line":170,"column":8},"end":{"line":171,"column":null}},"type":"if","locations":[{"start":{"line":170,"column":8},"end":{"line":171,"column":null}},{"start":{},"end":{}}],"line":170},"16":{"loc":{"start":{"line":177,"column":4},"end":{"line":188,"column":null}},"type":"if","locations":[{"start":{"line":177,"column":4},"end":{"line":188,"column":null}},{"start":{"line":187,"column":11},"end":{"line":188,"column":null}}],"line":177},"17":{"loc":{"start":{"line":184,"column":32},"end":{"line":184,"column":52}},"type":"binary-expr","locations":[{"start":{"line":184,"column":32},"end":{"line":184,"column":48}},{"start":{"line":184,"column":48},"end":{"line":184,"column":52}}],"line":184},"18":{"loc":{"start":{"line":214,"column":8},"end":{"line":215,"column":null}},"type":"if","locations":[{"start":{"line":214,"column":8},"end":{"line":215,"column":null}},{"start":{},"end":{}}],"line":214},"19":{"loc":{"start":{"line":214,"column":12},"end":{"line":214,"column":41}},"type":"binary-expr","locations":[{"start":{"line":214,"column":12},"end":{"line":214,"column":21}},{"start":{"line":214,"column":21},"end":{"line":214,"column":41}}],"line":214},"20":{"loc":{"start":{"line":220,"column":8},"end":{"line":222,"column":null}},"type":"if","locations":[{"start":{"line":220,"column":8},"end":{"line":222,"column":null}},{"start":{},"end":{}}],"line":220},"21":{"loc":{"start":{"line":228,"column":8},"end":{"line":230,"column":null}},"type":"if","locations":[{"start":{"line":228,"column":8},"end":{"line":230,"column":null}},{"start":{},"end":{}}],"line":228},"22":{"loc":{"start":{"line":228,"column":12},"end":{"line":228,"column":28}},"type":"binary-expr","locations":[{"start":{"line":228,"column":12},"end":{"line":228,"column":21}},{"start":{"line":228,"column":21},"end":{"line":228,"column":28}}],"line":228},"23":{"loc":{"start":{"line":234,"column":8},"end":{"line":236,"column":null}},"type":"if","locations":[{"start":{"line":234,"column":8},"end":{"line":236,"column":null}},{"start":{},"end":{}}],"line":234},"24":{"loc":{"start":{"line":242,"column":4},"end":{"line":243,"column":null}},"type":"if","locations":[{"start":{"line":242,"column":4},"end":{"line":243,"column":null}},{"start":{},"end":{}}],"line":242}},"s":{"0":3,"1":3,"2":3,"3":9,"4":9,"5":3,"6":6,"7":6,"8":6,"9":1,"10":5,"11":11,"12":1,"13":10,"14":10,"15":5,"16":5,"17":1,"18":1,"19":4,"20":2,"21":2,"22":0,"23":0,"24":0,"25":0,"26":2,"27":1,"28":2,"29":4,"30":4,"31":6,"32":4,"33":2,"34":0,"35":0,"36":0,"37":0,"38":0,"39":0,"40":0,"41":0,"42":0,"43":0,"44":0,"45":0,"46":0,"47":0,"48":0,"49":0,"50":0,"51":0,"52":0,"53":0,"54":0,"55":0,"56":0,"57":0,"58":0,"59":0,"60":0,"61":0,"62":0,"63":0,"64":0,"65":0,"66":0,"67":0,"68":0,"69":0,"70":0,"71":0,"72":0,"73":0,"74":0,"75":0,"76":0,"77":0,"78":0,"79":0,"80":0,"81":0,"82":0,"83":0,"84":0,"85":0,"86":0,"87":0,"88":0,"89":0,"90":0,"91":0,"92":0,"93":0,"94":0,"95":0,"96":0,"97":0,"98":0,"99":0,"100":0,"101":0,"102":0,"103":0,"104":0,"105":0,"106":0,"107":0,"108":0,"109":0,"110":0,"111":0,"112":0},"f":{"0":3,"1":9,"2":11,"3":4,"4":6,"5":0,"6":0,"7":0,"8":0},"b":{"0":[3,6],"1":[1,5],"2":[1,10],"3":[2,2],"4":[4,4],"5":[2,2],"6":[0],"7":[0,0],"8":[0,0],"9":[0,0],"10":[0,0],"11":[0,0],"12":[0,0],"13":[0,0,0],"14":[0,0],"15":[0,0],"16":[0,0],"17":[0,0],"18":[0,0],"19":[0,0],"20":[0,0],"21":[0,0],"22":[0,0],"23":[0,0],"24":[0,0]},"meta":{"lastBranch":25,"lastFunction":9,"lastStatement":113,"seen":{"f:14:16:14:39":0,"s:15:21:15:70":0,"s:16:22:16:32":1,"s:17:4:17:Infinity":2,"f:24:22:24:38":1,"s:26:25:26:47":3,"b:27:4:28:Infinity:undefined:undefined:undefined:undefined":0,"s:27:4:28:Infinity":4,"s:28:8:28:Infinity":5,"s:31:22:31:70":6,"s:32:25:32:58":7,"b:33:4:34:Infinity:undefined:undefined:undefined:undefined":1,"s:33:4:34:Infinity":8,"s:34:8:34:Infinity":9,"s:36:4:36:Infinity":10,"f:43:22:43:38":2,"b:44:4:45:Infinity:undefined:undefined:undefined:undefined":2,"s:44:4:45:Infinity":11,"s:45:8:45:Infinity":12,"s:48:4:76:Infinity":13,"s:50:8:50:Infinity":14,"s:53:8:76:Infinity":15,"s:54:29:54:62":16,"s:55:32:55:68":17,"s:56:12:56:Infinity":18,"b:59:12:74:Infinity:undefined:undefined:undefined:undefined":3,"s:59:12:74:Infinity":19,"b:59:16:59:48:59:52:59:85":4,"s:62:16:70:Infinity":20,"s:63:20:63:Infinity":21,"s:65:20:70:Infinity":22,"s:67:42:67:Infinity":23,"s:68:24:68:Infinity":24,"s:70:24:70:Infinity":25,"s:73:33:73:56":26,"s:74:16:74:Infinity":27,"s:76:12:76:Infinity":28,"f:85:16:85:42":3,"s:86:19:86:35":29,"s:87:18:87:56":30,"f:87:25:87:30":4,"s:87:35:87:56":31,"b:89:4:90:Infinity:undefined:undefined:undefined:undefined":5,"s:89:4:90:Infinity":32,"s:90:8:90:Infinity":33,"f:98:22:98:Infinity":5,"b:102:24:102:Infinity":6,"s:104:21:104:51":34,"s:105:20:105:52":35,"b:108:4:110:Infinity:undefined:undefined:undefined:undefined":7,"s:108:4:110:Infinity":36,"s:109:8:109:Infinity":37,"s:110:8:110:Infinity":38,"s:114:19:114:Infinity":39,"s:115:21:115:Infinity":40,"s:116:22:116:Infinity":41,"s:119:4:149:Infinity":42,"f:119:14:119:23":6,"s:120:21:120:35":43,"s:121:26:121:55":44,"b:124:8:125:Infinity:undefined:undefined:undefined:undefined":8,"s:124:8:125:Infinity":45,"s:125:12:125:Infinity":46,"b:129:8:146:Infinity:undefined:undefined:undefined:undefined":9,"s:129:8:146:Infinity":47,"s:131:22:131:Infinity":48,"s:132:12:137:Infinity":49,"s:133:33:133:49":50,"b:134:16:135:Infinity:undefined:undefined:undefined:undefined":10,"s:134:16:135:Infinity":51,"s:135:20:135:Infinity":52,"s:137:16:137:Infinity":53,"b:141:12:146:Infinity:144:19:146:Infinity":11,"s:141:12:146:Infinity":54,"s:142:16:142:Infinity":55,"s:143:16:143:Infinity":56,"s:146:16:146:Infinity":57,"b:152:4:153:Infinity:undefined:undefined:undefined:undefined":12,"s:152:4:153:Infinity":58,"b:152:8:152:26:152:26:152:46:152:46:152:72":13,"s:153:8:153:Infinity":59,"s:157:20:157:48":60,"b:158:4:163:Infinity:undefined:undefined:undefined:undefined":14,"s:158:4:163:Infinity":61,"s:160:25:160:45":62,"s:161:8:161:Infinity":63,"s:162:8:162:Infinity":64,"s:163:8:163:Infinity":65,"s:167:18:167:Infinity":66,"s:168:4:173:Infinity":67,"s:169:29:169:55":68,"b:170:8:171:Infinity:undefined:undefined:undefined:undefined":15,"s:170:8:171:Infinity":69,"s:171:12:171:Infinity":70,"s:173:8:173:Infinity":71,"b:177:4:188:Infinity:187:11:188:Infinity":16,"s:177:4:188:Infinity":72,"s:178:25:178:51":73,"s:179:8:179:Infinity":74,"s:180:8:180:Infinity":75,"s:183:23:183:51":76,"s:184:8:184:Infinity":77,"b:184:32:184:48:184:48:184:52":17,"s:186:8:186:Infinity":78,"s:188:8:188:Infinity":79,"s:192:19:192:52":80,"s:193:4:193:Infinity":81,"f:203:22:203:41":7,"s:204:25:204:56":82,"s:205:24:205:64":83,"s:206:18:206:41":84,"s:207:52:207:54":85,"s:208:23:208:Infinity":86,"s:210:4:239:Infinity":87,"s:210:17:210:20":88,"s:211:21:211:36":89,"b:214:8:215:Infinity:undefined:undefined:undefined:undefined":18,"s:214:8:215:Infinity":90,"b:214:12:214:21:214:21:214:41":19,"s:215:12:215:Infinity":91,"s:219:27:219:44":92,"b:220:8:222:Infinity:undefined:undefined:undefined:undefined":20,"s:220:8:222:Infinity":93,"s:221:12:221:Infinity":94,"s:222:12:222:Infinity":95,"s:225:21:225:57":96,"s:226:21:226:58":97,"b:228:8:230:Infinity:undefined:undefined:undefined:undefined":21,"s:228:8:230:Infinity":98,"b:228:12:228:21:228:21:228:28":22,"s:229:12:229:Infinity":99,"s:230:12:230:Infinity":100,"b:234:8:236:Infinity:undefined:undefined:undefined:undefined":23,"s:234:8:236:Infinity":101,"s:235:12:235:Infinity":102,"s:236:12:236:Infinity":103,"s:239:8:239:Infinity":104,"b:242:4:243:Infinity:undefined:undefined:undefined:undefined":24,"s:242:4:243:Infinity":105,"s:243:8:243:Infinity":106,"s:246:4:246:Infinity":107,"f:255:22:255:Infinity":8,"s:259:17:259:Infinity":108,"s:261:4:263:Infinity":109,"s:262:8:262:Infinity":110,"s:263:8:263:Infinity":111,"s:266:4:266:Infinity":112}}}
,"D:\\workspaces\\go\\src\\github.com\\VDHewei\\xlsx-template-lib\\src\\biz.ts": {"path":"D:\\workspaces\\go\\src\\github.com\\VDHewei\\xlsx-template-lib\\src\\biz.ts","statementMap":{"0":{"start":{"line":23,"column":8},"end":{"line":23,"column":null}},"1":{"start":{"line":27,"column":18},"end":{"line":27,"column":49}},"2":{"start":{"line":28,"column":8},"end":{"line":28,"column":null}},"3":{"start":{"line":29,"column":20},"end":{"line":29,"column":42}},"4":{"start":{"line":30,"column":8},"end":{"line":30,"column":null}},"5":{"start":{"line":31,"column":8},"end":{"line":31,"column":null}},"6":{"start":{"line":35,"column":8},"end":{"line":35,"column":null}},"7":{"start":{"line":39,"column":8},"end":{"line":39,"column":null}},"8":{"start":{"line":48,"column":47},"end":{"line":48,"column":null}},"9":{"start":{"line":51,"column":8},"end":{"line":51,"column":null}},"10":{"start":{"line":52,"column":8},"end":{"line":53,"column":null}},"11":{"start":{"line":53,"column":12},"end":{"line":53,"column":null}},"12":{"start":{"line":58,"column":8},"end":{"line":58,"column":null}},"13":{"start":{"line":59,"column":8},"end":{"line":59,"column":null}},"14":{"start":{"line":60,"column":8},"end":{"line":60,"column":null}},"15":{"start":{"line":61,"column":8},"end":{"line":61,"column":null}},"16":{"start":{"line":65,"column":20},"end":{"line":65,"column":36}},"17":{"start":{"line":66,"column":23},"end":{"line":66,"column":48}},"18":{"start":{"line":67,"column":24},"end":{"line":67,"column":40}},"19":{"start":{"line":68,"column":8},"end":{"line":76,"column":null}},"20":{"start":{"line":69,"column":12},"end":{"line":70,"column":null}},"21":{"start":{"line":70,"column":16},"end":{"line":70,"column":null}},"22":{"start":{"line":72,"column":16},"end":{"line":72,"column":70}},"23":{"start":{"line":73,"column":12},"end":{"line":74,"column":null}},"24":{"start":{"line":74,"column":16},"end":{"line":74,"column":null}},"25":{"start":{"line":76,"column":12},"end":{"line":76,"column":null}},"26":{"start":{"line":78,"column":8},"end":{"line":78,"column":null}},"27":{"start":{"line":79,"column":8},"end":{"line":79,"column":null}},"28":{"start":{"line":83,"column":8},"end":{"line":87,"column":null}},"29":{"start":{"line":84,"column":12},"end":{"line":84,"column":null}},"30":{"start":{"line":86,"column":12},"end":{"line":87,"column":null}},"31":{"start":{"line":87,"column":16},"end":{"line":87,"column":null}},"32":{"start":{"line":90,"column":8},"end":{"line":90,"column":null}},"33":{"start":{"line":94,"column":24},"end":{"line":94,"column":49}},"34":{"start":{"line":95,"column":8},"end":{"line":97,"column":null}},"35":{"start":{"line":97,"column":12},"end":{"line":97,"column":null}},"36":{"start":{"line":99,"column":12},"end":{"line":99,"column":38}},"37":{"start":{"line":100,"column":8},"end":{"line":102,"column":null}},"38":{"start":{"line":101,"column":12},"end":{"line":101,"column":null}},"39":{"start":{"line":102,"column":12},"end":{"line":102,"column":null}},"40":{"start":{"line":104,"column":8},"end":{"line":104,"column":null}},"41":{"start":{"line":108,"column":22},"end":{"line":108,"column":100}},"42":{"start":{"line":109,"column":8},"end":{"line":112,"column":null}},"43":{"start":{"line":110,"column":25},"end":{"line":110,"column":65}},"44":{"start":{"line":111,"column":12},"end":{"line":111,"column":null}},"45":{"start":{"line":112,"column":12},"end":{"line":112,"column":null}},"46":{"start":{"line":114,"column":8},"end":{"line":114,"column":null}},"47":{"start":{"line":118,"column":8},"end":{"line":119,"column":null}},"48":{"start":{"line":119,"column":12},"end":{"line":119,"column":null}},"49":{"start":{"line":121,"column":8},"end":{"line":122,"column":null}},"50":{"start":{"line":122,"column":12},"end":{"line":122,"column":null}},"51":{"start":{"line":124,"column":8},"end":{"line":131,"column":null}},"52":{"start":{"line":125,"column":12},"end":{"line":131,"column":null}},"53":{"start":{"line":133,"column":8},"end":{"line":139,"column":null}},"54":{"start":{"line":134,"column":24},"end":{"line":134,"column":52}},"55":{"start":{"line":135,"column":24},"end":{"line":135,"column":46}},"56":{"start":{"line":136,"column":12},"end":{"line":139,"column":null}},"57":{"start":{"line":137,"column":16},"end":{"line":137,"column":null}},"58":{"start":{"line":139,"column":16},"end":{"line":139,"column":null}},"59":{"start":{"line":142,"column":8},"end":{"line":142,"column":null}},"60":{"start":{"line":146,"column":20},"end":{"line":146,"column":36}},"61":{"start":{"line":147,"column":24},"end":{"line":147,"column":40}},"62":{"start":{"line":148,"column":20},"end":{"line":148,"column":45}},"63":{"start":{"line":149,"column":8},"end":{"line":150,"column":null}},"64":{"start":{"line":150,"column":12},"end":{"line":150,"column":null}},"65":{"start":{"line":152,"column":8},"end":{"line":164,"column":null}},"66":{"start":{"line":153,"column":12},"end":{"line":154,"column":null}},"67":{"start":{"line":154,"column":16},"end":{"line":154,"column":null}},"68":{"start":{"line":156,"column":16},"end":{"line":156,"column":70}},"69":{"start":{"line":157,"column":12},"end":{"line":158,"column":null}},"70":{"start":{"line":158,"column":16},"end":{"line":158,"column":null}},"71":{"start":{"line":160,"column":22},"end":{"line":160,"column":34}},"72":{"start":{"line":161,"column":12},"end":{"line":162,"column":null}},"73":{"start":{"line":162,"column":15},"end":{"line":162,"column":null}},"74":{"start":{"line":164,"column":12},"end":{"line":164,"column":null}},"75":{"start":{"line":166,"column":28},"end":{"line":166,"column":48}},"76":{"start":{"line":167,"column":8},"end":{"line":167,"column":null}},"77":{"start":{"line":168,"column":8},"end":{"line":171,"column":null}},"78":{"start":{"line":169,"column":12},"end":{"line":169,"column":null}},"79":{"start":{"line":171,"column":12},"end":{"line":171,"column":null}},"80":{"start":{"line":173,"column":8},"end":{"line":175,"column":null}},"81":{"start":{"line":174,"column":12},"end":{"line":175,"column":null}},"82":{"start":{"line":175,"column":16},"end":{"line":175,"column":null}},"83":{"start":{"line":178,"column":8},"end":{"line":178,"column":null}}},"fnMap":{"0":{"name":"(anonymous_0)","decl":{"start":{"line":22,"column":4},"end":{"line":22,"column":16}},"loc":{"start":{"line":22,"column":38},"end":{"line":23,"column":null}},"line":22},"1":{"name":"(anonymous_1)","decl":{"start":{"line":26,"column":17},"end":{"line":26,"column":24}},"loc":{"start":{"line":26,"column":81},"end":{"line":31,"column":null}},"line":26},"2":{"name":"(anonymous_2)","decl":{"start":{"line":34,"column":17},"end":{"line":34,"column":24}},"loc":{"start":{"line":34,"column":74},"end":{"line":35,"column":null}},"line":34},"3":{"name":"(anonymous_3)","decl":{"start":{"line":38,"column":4},"end":{"line":38,"column":11}},"loc":{"start":{"line":38,"column":36},"end":{"line":39,"column":null}},"line":38},"4":{"name":"(anonymous_4)","decl":{"start":{"line":50,"column":4},"end":{"line":50,"column":16}},"loc":{"start":{"line":50,"column":31},"end":{"line":53,"column":null}},"line":50},"5":{"name":"(anonymous_5)","decl":{"start":{"line":57,"column":4},"end":{"line":57,"column":11}},"loc":{"start":{"line":57,"column":59},"end":{"line":61,"column":null}},"line":57},"6":{"name":"(anonymous_6)","decl":{"start":{"line":64,"column":4},"end":{"line":64,"column":11}},"loc":{"start":{"line":64,"column":52},"end":{"line":79,"column":null}},"line":64},"7":{"name":"(anonymous_7)","decl":{"start":{"line":82,"column":4},"end":{"line":82,"column":11}},"loc":{"start":{"line":82,"column":45},"end":{"line":90,"column":null}},"line":82},"8":{"name":"(anonymous_8)","decl":{"start":{"line":93,"column":17},"end":{"line":93,"column":28}},"loc":{"start":{"line":93,"column":134},"end":{"line":104,"column":null}},"line":93},"9":{"name":"(anonymous_9)","decl":{"start":{"line":107,"column":17},"end":{"line":107,"column":31}},"loc":{"start":{"line":107,"column":133},"end":{"line":114,"column":null}},"line":107},"10":{"name":"(anonymous_10)","decl":{"start":{"line":117,"column":17},"end":{"line":117,"column":26}},"loc":{"start":{"line":117,"column":119},"end":{"line":142,"column":null}},"line":117},"11":{"name":"(anonymous_11)","decl":{"start":{"line":145,"column":17},"end":{"line":145,"column":27}},"loc":{"start":{"line":145,"column":123},"end":{"line":178,"column":null}},"line":145}},"branchMap":{"0":{"loc":{"start":{"line":52,"column":8},"end":{"line":53,"column":null}},"type":"if","locations":[{"start":{"line":52,"column":8},"end":{"line":53,"column":null}},{"start":{},"end":{}}],"line":52},"1":{"loc":{"start":{"line":69,"column":12},"end":{"line":70,"column":null}},"type":"if","locations":[{"start":{"line":69,"column":12},"end":{"line":70,"column":null}},{"start":{},"end":{}}],"line":69},"2":{"loc":{"start":{"line":73,"column":12},"end":{"line":74,"column":null}},"type":"if","locations":[{"start":{"line":73,"column":12},"end":{"line":74,"column":null}},{"start":{},"end":{}}],"line":73},"3":{"loc":{"start":{"line":83,"column":8},"end":{"line":87,"column":null}},"type":"if","locations":[{"start":{"line":83,"column":8},"end":{"line":87,"column":null}},{"start":{"line":85,"column":15},"end":{"line":87,"column":null}}],"line":83},"4":{"loc":{"start":{"line":83,"column":12},"end":{"line":83,"column":73}},"type":"binary-expr","locations":[{"start":{"line":83,"column":12},"end":{"line":83,"column":46}},{"start":{"line":83,"column":46},"end":{"line":83,"column":73}}],"line":83},"5":{"loc":{"start":{"line":86,"column":12},"end":{"line":87,"column":null}},"type":"if","locations":[{"start":{"line":86,"column":12},"end":{"line":87,"column":null}},{"start":{},"end":{}}],"line":86},"6":{"loc":{"start":{"line":95,"column":8},"end":{"line":97,"column":null}},"type":"if","locations":[{"start":{"line":95,"column":8},"end":{"line":97,"column":null}},{"start":{},"end":{}}],"line":95},"7":{"loc":{"start":{"line":95,"column":12},"end":{"line":96,"column":43}},"type":"binary-expr","locations":[{"start":{"line":95,"column":12},"end":{"line":95,"column":42}},{"start":{"line":95,"column":42},"end":{"line":95,"column":null}},{"start":{"line":96,"column":12},"end":{"line":96,"column":43}}],"line":95},"8":{"loc":{"start":{"line":118,"column":8},"end":{"line":119,"column":null}},"type":"if","locations":[{"start":{"line":118,"column":8},"end":{"line":119,"column":null}},{"start":{},"end":{}}],"line":118},"9":{"loc":{"start":{"line":118,"column":12},"end":{"line":118,"column":66}},"type":"binary-expr","locations":[{"start":{"line":118,"column":12},"end":{"line":118,"column":42}},{"start":{"line":118,"column":42},"end":{"line":118,"column":66}}],"line":118},"10":{"loc":{"start":{"line":121,"column":8},"end":{"line":122,"column":null}},"type":"if","locations":[{"start":{"line":121,"column":8},"end":{"line":122,"column":null}},{"start":{},"end":{}}],"line":121},"11":{"loc":{"start":{"line":124,"column":8},"end":{"line":131,"column":null}},"type":"if","locations":[{"start":{"line":124,"column":8},"end":{"line":131,"column":null}},{"start":{},"end":{}}],"line":124},"12":{"loc":{"start":{"line":124,"column":12},"end":{"line":124,"column":55}},"type":"binary-expr","locations":[{"start":{"line":124,"column":12},"end":{"line":124,"column":37}},{"start":{"line":124,"column":37},"end":{"line":124,"column":55}}],"line":124},"13":{"loc":{"start":{"line":136,"column":12},"end":{"line":139,"column":null}},"type":"if","locations":[{"start":{"line":136,"column":12},"end":{"line":139,"column":null}},{"start":{"line":138,"column":19},"end":{"line":139,"column":null}}],"line":136},"14":{"loc":{"start":{"line":149,"column":8},"end":{"line":150,"column":null}},"type":"if","locations":[{"start":{"line":149,"column":8},"end":{"line":150,"column":null}},{"start":{},"end":{}}],"line":149},"15":{"loc":{"start":{"line":153,"column":12},"end":{"line":154,"column":null}},"type":"if","locations":[{"start":{"line":153,"column":12},"end":{"line":154,"column":null}},{"start":{},"end":{}}],"line":153},"16":{"loc":{"start":{"line":157,"column":12},"end":{"line":158,"column":null}},"type":"if","locations":[{"start":{"line":157,"column":12},"end":{"line":158,"column":null}},{"start":{},"end":{}}],"line":157},"17":{"loc":{"start":{"line":161,"column":12},"end":{"line":162,"column":null}},"type":"if","locations":[{"start":{"line":161,"column":12},"end":{"line":162,"column":null}},{"start":{},"end":{}}],"line":161},"18":{"loc":{"start":{"line":162,"column":58},"end":{"line":162,"column":83}},"type":"binary-expr","locations":[{"start":{"line":162,"column":58},"end":{"line":162,"column":73}},{"start":{"line":162,"column":73},"end":{"line":162,"column":83}}],"line":162},"19":{"loc":{"start":{"line":168,"column":8},"end":{"line":171,"column":null}},"type":"if","locations":[{"start":{"line":168,"column":8},"end":{"line":171,"column":null}},{"start":{"line":170,"column":15},"end":{"line":171,"column":null}}],"line":168},"20":{"loc":{"start":{"line":173,"column":8},"end":{"line":175,"column":null}},"type":"if","locations":[{"start":{"line":173,"column":8},"end":{"line":175,"column":null}},{"start":{},"end":{}}],"line":173}},"s":{"0":0,"1":0,"2":0,"3":0,"4":0,"5":0,"6":0,"7":0,"8":0,"9":0,"10":0,"11":0,"12":0,"13":0,"14":0,"15":0,"16":0,"17":0,"18":0,"19":0,"20":0,"21":0,"22":0,"23":0,"24":0,"25":0,"26":0,"27":0,"28":0,"29":0,"30":0,"31":0,"32":0,"33":1,"34":1,"35":1,"36":1,"37":1,"38":2,"39":2,"40":1,"41":0,"42":0,"43":0,"44":0,"45":0,"46":0,"47":0,"48":0,"49":0,"50":0,"51":0,"52":0,"53":0,"54":0,"55":0,"56":0,"57":0,"58":0,"59":0,"60":1,"61":1,"62":1,"63":1,"64":1,"65":1,"66":3,"67":1,"68":2,"69":2,"70":0,"71":2,"72":2,"73":0,"74":2,"75":1,"76":1,"77":1,"78":1,"79":0,"80":1,"81":1,"82":2,"83":1},"f":{"0":0,"1":1,"2":0,"3":0,"4":0,"5":0,"6":0,"7":0,"8":1,"9":0,"10":0,"11":1},"b":{"0":[0,0],"1":[0,0],"2":[0,0],"3":[0,0],"4":[0,0],"5":[0,0],"6":[1,0],"7":[1,1,0],"8":[0,0],"9":[0,0],"10":[0,0],"11":[0,0],"12":[0,0],"13":[0,0],"14":[1,0],"15":[1,2],"16":[0,2],"17":[0,2],"18":[0,0],"19":[1,0],"20":[1,0]},"meta":{"lastBranch":21,"lastFunction":12,"lastStatement":84,"seen":{"f:22:4:22:16":0,"s:23:8:23:Infinity":0,"f:26:17:26:24":1,"s:27:18:27:49":1,"s:28:8:28:Infinity":2,"s:29:20:29:42":3,"s:30:8:30:Infinity":4,"s:31:8:31:Infinity":5,"f:34:17:34:24":2,"s:35:8:35:Infinity":6,"f:38:4:38:11":3,"s:39:8:39:Infinity":7,"f:50:4:50:16":4,"s:48:47:48:Infinity":8,"s:51:8:51:Infinity":9,"b:52:8:53:Infinity:undefined:undefined:undefined:undefined":0,"s:52:8:53:Infinity":10,"s:53:12:53:Infinity":11,"f:57:4:57:11":5,"s:58:8:58:Infinity":12,"s:59:8:59:Infinity":13,"s:60:8:60:Infinity":14,"s:61:8:61:Infinity":15,"f:64:4:64:11":6,"s:65:20:65:36":16,"s:66:23:66:48":17,"s:67:24:67:40":18,"s:68:8:76:Infinity":19,"b:69:12:70:Infinity:undefined:undefined:undefined:undefined":1,"s:69:12:70:Infinity":20,"s:70:16:70:Infinity":21,"s:72:16:72:70":22,"b:73:12:74:Infinity:undefined:undefined:undefined:undefined":2,"s:73:12:74:Infinity":23,"s:74:16:74:Infinity":24,"s:76:12:76:Infinity":25,"s:78:8:78:Infinity":26,"s:79:8:79:Infinity":27,"f:82:4:82:11":7,"b:83:8:87:Infinity:85:15:87:Infinity":3,"s:83:8:87:Infinity":28,"b:83:12:83:46:83:46:83:73":4,"s:84:12:84:Infinity":29,"b:86:12:87:Infinity:undefined:undefined:undefined:undefined":5,"s:86:12:87:Infinity":30,"s:87:16:87:Infinity":31,"s:90:8:90:Infinity":32,"f:93:17:93:28":8,"s:94:24:94:49":33,"b:95:8:97:Infinity:undefined:undefined:undefined:undefined":6,"s:95:8:97:Infinity":34,"b:95:12:95:42:95:42:95:Infinity:96:12:96:43":7,"s:97:12:97:Infinity":35,"s:99:12:99:38":36,"s:100:8:102:Infinity":37,"s:101:12:101:Infinity":38,"s:102:12:102:Infinity":39,"s:104:8:104:Infinity":40,"f:107:17:107:31":9,"s:108:22:108:100":41,"s:109:8:112:Infinity":42,"s:110:25:110:65":43,"s:111:12:111:Infinity":44,"s:112:12:112:Infinity":45,"s:114:8:114:Infinity":46,"f:117:17:117:26":10,"b:118:8:119:Infinity:undefined:undefined:undefined:undefined":8,"s:118:8:119:Infinity":47,"b:118:12:118:42:118:42:118:66":9,"s:119:12:119:Infinity":48,"b:121:8:122:Infinity:undefined:undefined:undefined:undefined":10,"s:121:8:122:Infinity":49,"s:122:12:122:Infinity":50,"b:124:8:131:Infinity:undefined:undefined:undefined:undefined":11,"s:124:8:131:Infinity":51,"b:124:12:124:37:124:37:124:55":12,"s:125:12:131:Infinity":52,"s:133:8:139:Infinity":53,"s:134:24:134:52":54,"s:135:24:135:46":55,"b:136:12:139:Infinity:138:19:139:Infinity":13,"s:136:12:139:Infinity":56,"s:137:16:137:Infinity":57,"s:139:16:139:Infinity":58,"s:142:8:142:Infinity":59,"f:145:17:145:27":11,"s:146:20:146:36":60,"s:147:24:147:40":61,"s:148:20:148:45":62,"b:149:8:150:Infinity:undefined:undefined:undefined:undefined":14,"s:149:8:150:Infinity":63,"s:150:12:150:Infinity":64,"s:152:8:164:Infinity":65,"b:153:12:154:Infinity:undefined:undefined:undefined:undefined":15,"s:153:12:154:Infinity":66,"s:154:16:154:Infinity":67,"s:156:16:156:70":68,"b:157:12:158:Infinity:undefined:undefined:undefined:undefined":16,"s:157:12:158:Infinity":69,"s:158:16:158:Infinity":70,"s:160:22:160:34":71,"b:161:12:162:Infinity:undefined:undefined:undefined:undefined":17,"s:161:12:162:Infinity":72,"s:162:15:162:Infinity":73,"b:162:58:162:73:162:73:162:83":18,"s:164:12:164:Infinity":74,"s:166:28:166:48":75,"s:167:8:167:Infinity":76,"b:168:8:171:Infinity:170:15:171:Infinity":19,"s:168:8:171:Infinity":77,"s:169:12:169:Infinity":78,"s:171:12:171:Infinity":79,"b:173:8:175:Infinity:undefined:undefined:undefined:undefined":20,"s:173:8:175:Infinity":80,"s:174:12:175:Infinity":81,"s:175:16:175:Infinity":82,"s:178:8:178:Infinity":83}}}
,"D:\\workspaces\\go\\src\\github.com\\VDHewei\\xlsx-template-lib\\src\\core.ts": {"path":"D:\\workspaces\\go\\src\\github.com\\VDHewei\\xlsx-template-lib\\src\\core.ts","statementMap":{"0":{"start":{"line":11,"column":30},"end":{"line":11,"column":null}},"1":{"start":{"line":12,"column":32},"end":{"line":12,"column":null}},"2":{"start":{"line":13,"column":36},"end":{"line":13,"column":null}},"3":{"start":{"line":14,"column":31},"end":{"line":14,"column":null}},"4":{"start":{"line":136,"column":0},"end":{"line":136,"column":null}},"5":{"start":{"line":137,"column":4},"end":{"line":137,"column":null}},"6":{"start":{"line":138,"column":4},"end":{"line":138,"column":null}},"7":{"start":{"line":139,"column":4},"end":{"line":139,"column":null}},"8":{"start":{"line":140,"column":4},"end":{"line":140,"column":null}},"9":{"start":{"line":141,"column":4},"end":{"line":141,"column":null}},"10":{"start":{"line":142,"column":4},"end":{"line":142,"column":null}},"11":{"start":{"line":143,"column":4},"end":{"line":143,"column":null}},"12":{"start":{"line":144,"column":4},"end":{"line":144,"column":null}},"13":{"start":{"line":145,"column":4},"end":{"line":145,"column":null}},"14":{"start":{"line":271,"column":4},"end":{"line":278,"column":null}},"15":{"start":{"line":274,"column":22},"end":{"line":274,"column":41}},"16":{"start":{"line":275,"column":25},"end":{"line":275,"column":null}},"17":{"start":{"line":276,"column":22},"end":{"line":276,"column":null}},"18":{"start":{"line":277,"column":8},"end":{"line":278,"column":null}},"19":{"start":{"line":278,"column":12},"end":{"line":278,"column":null}},"20":{"start":{"line":281,"column":4},"end":{"line":282,"column":null}},"21":{"start":{"line":282,"column":8},"end":{"line":282,"column":null}},"22":{"start":{"line":284,"column":4},"end":{"line":284,"column":null}},"23":{"start":{"line":309,"column":4},"end":{"line":309,"column":null}},"24":{"start":{"line":309,"column":23},"end":{"line":309,"column":null}},"25":{"start":{"line":310,"column":17},"end":{"line":310,"column":32}},"26":{"start":{"line":311,"column":23},"end":{"line":311,"column":null}},"27":{"start":{"line":312,"column":4},"end":{"line":314,"column":null}},"28":{"start":{"line":313,"column":8},"end":{"line":313,"column":null}},"29":{"start":{"line":313,"column":55},"end":{"line":313,"column":null}},"30":{"start":{"line":314,"column":8},"end":{"line":314,"column":null}},"31":{"start":{"line":316,"column":4},"end":{"line":316,"column":null}},"32":{"start":{"line":324,"column":4},"end":{"line":324,"column":null}},"33":{"start":{"line":329,"column":6},"end":{"line":334,"column":null}},"34":{"start":{"line":330,"column":4},"end":{"line":332,"column":null}},"35":{"start":{"line":332,"column":8},"end":{"line":332,"column":null}},"36":{"start":{"line":334,"column":4},"end":{"line":334,"column":null}},"37":{"start":{"line":338,"column":6},"end":{"line":342,"column":null}},"38":{"start":{"line":339,"column":4},"end":{"line":340,"column":null}},"39":{"start":{"line":340,"column":8},"end":{"line":340,"column":null}},"40":{"start":{"line":342,"column":4},"end":{"line":342,"column":null}},"41":{"start":{"line":346,"column":6},"end":{"line":350,"column":null}},"42":{"start":{"line":347,"column":4},"end":{"line":348,"column":null}},"43":{"start":{"line":348,"column":8},"end":{"line":348,"column":null}},"44":{"start":{"line":350,"column":4},"end":{"line":350,"column":null}},"45":{"start":{"line":354,"column":6},"end":{"line":358,"column":null}},"46":{"start":{"line":355,"column":4},"end":{"line":356,"column":null}},"47":{"start":{"line":356,"column":8},"end":{"line":356,"column":null}},"48":{"start":{"line":358,"column":4},"end":{"line":358,"column":null}},"49":{"start":{"line":361,"column":18},"end":{"line":361,"column":null}},"50":{"start":{"line":364,"column":6},"end":{"line":402,"column":null}},"51":{"start":{"line":365,"column":35},"end":{"line":365,"column":37}},"52":{"start":{"line":368,"column":15},"end":{"line":368,"column":null}},"53":{"start":{"line":370,"column":4},"end":{"line":380,"column":null}},"54":{"start":{"line":372,"column":8},"end":{"line":380,"column":null}},"55":{"start":{"line":373,"column":12},"end":{"line":380,"column":null}},"56":{"start":{"line":386,"column":4},"end":{"line":386,"column":null}},"57":{"start":{"line":387,"column":4},"end":{"line":400,"column":null}},"58":{"start":{"line":389,"column":8},"end":{"line":391,"column":null}},"59":{"start":{"line":390,"column":32},"end":{"line":390,"column":78}},"60":{"start":{"line":390,"column":50},"end":{"line":390,"column":78}},"61":{"start":{"line":391,"column":12},"end":{"line":391,"column":null}},"62":{"start":{"line":391,"column":29},"end":{"line":391,"column":null}},"63":{"start":{"line":393,"column":8},"end":{"line":400,"column":null}},"64":{"start":{"line":402,"column":4},"end":{"line":402,"column":null}},"65":{"start":{"line":406,"column":45},"end":{"line":411,"column":null}},"66":{"start":{"line":413,"column":16},"end":{"line":418,"column":30}},"67":{"start":{"line":420,"column":14},"end":{"line":421,"column":null}},"68":{"start":{"line":421,"column":4},"end":{"line":421,"column":null}},"69":{"start":{"line":424,"column":22},"end":{"line":430,"column":null}},"70":{"start":{"line":425,"column":15},"end":{"line":425,"column":45}},"71":{"start":{"line":426,"column":17},"end":{"line":426,"column":35}},"72":{"start":{"line":427,"column":4},"end":{"line":428,"column":null}},"73":{"start":{"line":427,"column":17},"end":{"line":427,"column":20}},"74":{"start":{"line":428,"column":8},"end":{"line":428,"column":null}},"75":{"start":{"line":430,"column":4},"end":{"line":430,"column":null}},"76":{"start":{"line":438,"column":30},"end":{"line":438,"column":null}},"77":{"start":{"line":439,"column":50},"end":{"line":439,"column":null}},"78":{"start":{"line":440,"column":32},"end":{"line":440,"column":null}},"79":{"start":{"line":441,"column":44},"end":{"line":441,"column":null}},"80":{"start":{"line":442,"column":46},"end":{"line":442,"column":null}},"81":{"start":{"line":443,"column":31},"end":{"line":443,"column":null}},"82":{"start":{"line":444,"column":34},"end":{"line":444,"column":null}},"83":{"start":{"line":445,"column":24},"end":{"line":445,"column":null}},"84":{"start":{"line":446,"column":28},"end":{"line":446,"column":null}},"85":{"start":{"line":447,"column":35},"end":{"line":447,"column":null}},"86":{"start":{"line":448,"column":23},"end":{"line":448,"column":null}},"87":{"start":{"line":449,"column":28},"end":{"line":449,"column":null}},"88":{"start":{"line":452,"column":38},"end":{"line":452,"column":null}},"89":{"start":{"line":453,"column":37},"end":{"line":453,"column":null}},"90":{"start":{"line":454,"column":31},"end":{"line":454,"column":null}},"91":{"start":{"line":455,"column":40},"end":{"line":455,"column":null}},"92":{"start":{"line":456,"column":36},"end":{"line":456,"column":null}},"93":{"start":{"line":457,"column":32},"end":{"line":457,"column":null}},"94":{"start":{"line":458,"column":28},"end":{"line":458,"column":null}},"95":{"start":{"line":462,"column":8},"end":{"line":471,"column":null}},"96":{"start":{"line":476,"column":18},"end":{"line":476,"column":38}},"97":{"start":{"line":477,"column":8},"end":{"line":477,"column":null}},"98":{"start":{"line":478,"column":8},"end":{"line":478,"column":null}},"99":{"start":{"line":488,"column":8},"end":{"line":489,"column":null}},"100":{"start":{"line":489,"column":12},"end":{"line":489,"column":null}},"101":{"start":{"line":491,"column":8},"end":{"line":491,"column":null}},"102":{"start":{"line":492,"column":8},"end":{"line":492,"column":null}},"103":{"start":{"line":501,"column":8},"end":{"line":502,"column":null}},"104":{"start":{"line":502,"column":12},"end":{"line":502,"column":null}},"105":{"start":{"line":504,"column":8},"end":{"line":504,"column":null}},"106":{"start":{"line":505,"column":8},"end":{"line":505,"column":null}},"107":{"start":{"line":514,"column":8},"end":{"line":514,"column":null}},"108":{"start":{"line":515,"column":8},"end":{"line":515,"column":null}},"109":{"start":{"line":524,"column":8},"end":{"line":524,"column":null}},"110":{"start":{"line":525,"column":8},"end":{"line":525,"column":null}},"111":{"start":{"line":534,"column":8},"end":{"line":534,"column":null}},"112":{"start":{"line":535,"column":8},"end":{"line":535,"column":null}},"113":{"start":{"line":545,"column":8},"end":{"line":545,"column":null}},"114":{"start":{"line":546,"column":8},"end":{"line":546,"column":null}},"115":{"start":{"line":547,"column":8},"end":{"line":547,"column":null}},"116":{"start":{"line":556,"column":8},"end":{"line":556,"column":null}},"117":{"start":{"line":557,"column":8},"end":{"line":557,"column":null}},"118":{"start":{"line":576,"column":8},"end":{"line":579,"column":null}},"119":{"start":{"line":577,"column":27},"end":{"line":577,"column":99}},"120":{"start":{"line":578,"column":12},"end":{"line":579,"column":null}},"121":{"start":{"line":579,"column":16},"end":{"line":579,"column":null}},"122":{"start":{"line":583,"column":8},"end":{"line":587,"column":null}},"123":{"start":{"line":584,"column":12},"end":{"line":587,"column":null}},"124":{"start":{"line":585,"column":31},"end":{"line":585,"column":85}},"125":{"start":{"line":586,"column":16},"end":{"line":587,"column":null}},"126":{"start":{"line":587,"column":20},"end":{"line":587,"column":null}},"127":{"start":{"line":591,"column":8},"end":{"line":591,"column":null}},"128":{"start":{"line":603,"column":8},"end":{"line":607,"column":null}},"129":{"start":{"line":604,"column":12},"end":{"line":607,"column":null}},"130":{"start":{"line":605,"column":31},"end":{"line":605,"column":65}},"131":{"start":{"line":606,"column":16},"end":{"line":607,"column":null}},"132":{"start":{"line":607,"column":20},"end":{"line":607,"column":null}},"133":{"start":{"line":612,"column":8},"end":{"line":615,"column":null}},"134":{"start":{"line":613,"column":27},"end":{"line":613,"column":61}},"135":{"start":{"line":614,"column":12},"end":{"line":615,"column":null}},"136":{"start":{"line":615,"column":16},"end":{"line":615,"column":null}},"137":{"start":{"line":618,"column":8},"end":{"line":618,"column":null}},"138":{"start":{"line":628,"column":8},"end":{"line":631,"column":null}},"139":{"start":{"line":629,"column":27},"end":{"line":629,"column":80}},"140":{"start":{"line":630,"column":12},"end":{"line":631,"column":null}},"141":{"start":{"line":631,"column":16},"end":{"line":631,"column":null}},"142":{"start":{"line":634,"column":8},"end":{"line":634,"column":null}},"143":{"start":{"line":645,"column":8},"end":{"line":646,"column":null}},"144":{"start":{"line":646,"column":12},"end":{"line":646,"column":null}},"145":{"start":{"line":648,"column":8},"end":{"line":648,"column":null}},"146":{"start":{"line":656,"column":22},"end":{"line":656,"column":53}},"147":{"start":{"line":657,"column":19},"end":{"line":657,"column":77}},"148":{"start":{"line":658,"column":23},"end":{"line":658,"column":60}},"149":{"start":{"line":659,"column":27},"end":{"line":659,"column":45}},"150":{"start":{"line":661,"column":35},"end":{"line":661,"column":69}},"151":{"start":{"line":662,"column":8},"end":{"line":676,"column":null}},"152":{"start":{"line":663,"column":36},"end":{"line":663,"column":38}},"153":{"start":{"line":664,"column":12},"end":{"line":673,"column":null}},"154":{"start":{"line":665,"column":16},"end":{"line":670,"column":null}},"155":{"start":{"line":666,"column":36},"end":{"line":666,"column":69}},"156":{"start":{"line":667,"column":20},"end":{"line":670,"column":null}},"157":{"start":{"line":668,"column":24},"end":{"line":668,"column":null}},"158":{"start":{"line":669,"column":31},"end":{"line":670,"column":null}},"159":{"start":{"line":670,"column":24},"end":{"line":670,"column":null}},"160":{"start":{"line":674,"column":12},"end":{"line":676,"column":null}},"161":{"start":{"line":675,"column":16},"end":{"line":675,"column":null}},"162":{"start":{"line":678,"column":8},"end":{"line":678,"column":null}},"163":{"start":{"line":679,"column":20},"end":{"line":679,"column":86}},"164":{"start":{"line":680,"column":8},"end":{"line":680,"column":null}},"165":{"start":{"line":681,"column":8},"end":{"line":681,"column":null}},"166":{"start":{"line":682,"column":8},"end":{"line":682,"column":null}},"167":{"start":{"line":690,"column":8},"end":{"line":691,"column":null}},"168":{"start":{"line":691,"column":12},"end":{"line":691,"column":null}},"169":{"start":{"line":693,"column":22},"end":{"line":693,"column":53}},"170":{"start":{"line":694,"column":14},"end":{"line":694,"column":91}},"171":{"start":{"line":695,"column":25},"end":{"line":695,"column":null}},"172":{"start":{"line":696,"column":24},"end":{"line":696,"column":null}},"173":{"start":{"line":698,"column":32},"end":{"line":698,"column":65}},"174":{"start":{"line":699,"column":27},"end":{"line":699,"column":68}},"175":{"start":{"line":700,"column":8},"end":{"line":700,"column":null}},"176":{"start":{"line":701,"column":8},"end":{"line":701,"column":null}},"177":{"start":{"line":704,"column":33},"end":{"line":704,"column":80}},"178":{"start":{"line":705,"column":8},"end":{"line":705,"column":null}},"179":{"start":{"line":706,"column":8},"end":{"line":706,"column":null}},"180":{"start":{"line":708,"column":25},"end":{"line":708,"column":80}},"181":{"start":{"line":709,"column":31},"end":{"line":709,"column":null}},"182":{"start":{"line":710,"column":8},"end":{"line":710,"column":null}},"183":{"start":{"line":711,"column":8},"end":{"line":711,"column":null}},"184":{"start":{"line":712,"column":8},"end":{"line":712,"column":null}},"185":{"start":{"line":714,"column":8},"end":{"line":721,"column":null}},"186":{"start":{"line":715,"column":12},"end":{"line":719,"column":null}},"187":{"start":{"line":716,"column":39},"end":{"line":716,"column":122}},"188":{"start":{"line":717,"column":16},"end":{"line":717,"column":null}},"189":{"start":{"line":718,"column":30},"end":{"line":718,"column":null}},"190":{"start":{"line":719,"column":16},"end":{"line":719,"column":null}},"191":{"start":{"line":722,"column":23},"end":{"line":722,"column":74}},"192":{"start":{"line":723,"column":8},"end":{"line":723,"column":null}},"193":{"start":{"line":724,"column":8},"end":{"line":724,"column":null}},"194":{"start":{"line":726,"column":27},"end":{"line":726,"column":67}},"195":{"start":{"line":727,"column":28},"end":{"line":727,"column":null}},"196":{"start":{"line":728,"column":27},"end":{"line":728,"column":null}},"197":{"start":{"line":729,"column":28},"end":{"line":729,"column":68}},"198":{"start":{"line":731,"column":31},"end":{"line":731,"column":50}},"199":{"start":{"line":733,"column":8},"end":{"line":783,"column":null}},"200":{"start":{"line":734,"column":28},"end":{"line":734,"column":null}},"201":{"start":{"line":735,"column":27},"end":{"line":735,"column":null}},"202":{"start":{"line":736,"column":34},"end":{"line":740,"column":null}},"203":{"start":{"line":741,"column":12},"end":{"line":780,"column":null}},"204":{"start":{"line":742,"column":39},"end":{"line":742,"column":67}},"205":{"start":{"line":743,"column":39},"end":{"line":743,"column":92}},"206":{"start":{"line":744,"column":35},"end":{"line":744,"column":68}},"207":{"start":{"line":745,"column":16},"end":{"line":780,"column":null}},"208":{"start":{"line":746,"column":42},"end":{"line":746,"column":62}},"209":{"start":{"line":747,"column":41},"end":{"line":747,"column":77}},"210":{"start":{"line":748,"column":36},"end":{"line":748,"column":56}},"211":{"start":{"line":749,"column":50},"end":{"line":749,"column":82}},"212":{"start":{"line":750,"column":40},"end":{"line":750,"column":null}},"213":{"start":{"line":751,"column":38},"end":{"line":751,"column":89}},"214":{"start":{"line":752,"column":40},"end":{"line":752,"column":96}},"215":{"start":{"line":753,"column":36},"end":{"line":753,"column":62}},"216":{"start":{"line":754,"column":20},"end":{"line":780,"column":null}},"217":{"start":{"line":756,"column":24},"end":{"line":770,"column":null}},"218":{"start":{"line":757,"column":28},"end":{"line":757,"column":null}},"219":{"start":{"line":758,"column":35},"end":{"line":770,"column":null}},"220":{"start":{"line":759,"column":54},"end":{"line":759,"column":89}},"221":{"start":{"line":760,"column":28},"end":{"line":760,"column":null}},"222":{"start":{"line":761,"column":28},"end":{"line":761,"column":null}},"223":{"start":{"line":762,"column":56},"end":{"line":762,"column":103}},"224":{"start":{"line":763,"column":28},"end":{"line":763,"column":null}},"225":{"start":{"line":764,"column":28},"end":{"line":764,"column":null}},"226":{"start":{"line":765,"column":35},"end":{"line":770,"column":null}},"227":{"start":{"line":766,"column":54},"end":{"line":766,"column":89}},"228":{"start":{"line":767,"column":28},"end":{"line":767,"column":null}},"229":{"start":{"line":768,"column":63},"end":{"line":768,"column":110}},"230":{"start":{"line":769,"column":28},"end":{"line":769,"column":null}},"231":{"start":{"line":770,"column":28},"end":{"line":770,"column":null}},"232":{"start":{"line":772,"column":24},"end":{"line":772,"column":null}},"233":{"start":{"line":773,"column":24},"end":{"line":773,"column":null}},"234":{"start":{"line":774,"column":45},"end":{"line":774,"column":null}},"235":{"start":{"line":775,"column":24},"end":{"line":776,"column":null}},"236":{"start":{"line":776,"column":28},"end":{"line":776,"column":null}},"237":{"start":{"line":779,"column":24},"end":{"line":779,"column":null}},"238":{"start":{"line":784,"column":8},"end":{"line":784,"column":null}},"239":{"start":{"line":785,"column":8},"end":{"line":785,"column":null}},"240":{"start":{"line":786,"column":8},"end":{"line":786,"column":null}},"241":{"start":{"line":787,"column":8},"end":{"line":787,"column":null}},"242":{"start":{"line":788,"column":8},"end":{"line":788,"column":null}},"243":{"start":{"line":795,"column":22},"end":{"line":795,"column":null}},"244":{"start":{"line":796,"column":8},"end":{"line":813,"column":null}},"245":{"start":{"line":798,"column":31},"end":{"line":798,"column":77}},"246":{"start":{"line":799,"column":31},"end":{"line":799,"column":77}},"247":{"start":{"line":800,"column":16},"end":{"line":800,"column":null}},"248":{"start":{"line":800,"column":47},"end":{"line":800,"column":null}},"249":{"start":{"line":801,"column":16},"end":{"line":801,"column":null}},"250":{"start":{"line":801,"column":47},"end":{"line":801,"column":null}},"251":{"start":{"line":802,"column":16},"end":{"line":802,"column":null}},"252":{"start":{"line":802,"column":46},"end":{"line":802,"column":null}},"253":{"start":{"line":803,"column":16},"end":{"line":807,"column":null}},"254":{"start":{"line":804,"column":20},"end":{"line":805,"column":null}},"255":{"start":{"line":805,"column":24},"end":{"line":805,"column":null}},"256":{"start":{"line":807,"column":20},"end":{"line":807,"column":null}},"257":{"start":{"line":809,"column":16},"end":{"line":809,"column":null}},"258":{"start":{"line":812,"column":16},"end":{"line":812,"column":null}},"259":{"start":{"line":814,"column":8},"end":{"line":817,"column":null}},"260":{"start":{"line":815,"column":12},"end":{"line":815,"column":null}},"261":{"start":{"line":816,"column":12},"end":{"line":816,"column":null}},"262":{"start":{"line":818,"column":8},"end":{"line":821,"column":null}},"263":{"start":{"line":822,"column":8},"end":{"line":822,"column":null}},"264":{"start":{"line":823,"column":8},"end":{"line":823,"column":null}},"265":{"start":{"line":830,"column":8},"end":{"line":831,"column":null}},"266":{"start":{"line":831,"column":12},"end":{"line":831,"column":null}},"267":{"start":{"line":833,"column":8},"end":{"line":833,"column":null}},"268":{"start":{"line":835,"column":21},"end":{"line":835,"column":75}},"269":{"start":{"line":836,"column":21},"end":{"line":836,"column":48}},"270":{"start":{"line":837,"column":29},"end":{"line":837,"column":null}},"271":{"start":{"line":838,"column":8},"end":{"line":838,"column":null}},"272":{"start":{"line":839,"column":8},"end":{"line":839,"column":null}},"273":{"start":{"line":840,"column":29},"end":{"line":840,"column":82}},"274":{"start":{"line":841,"column":8},"end":{"line":841,"column":null}},"275":{"start":{"line":842,"column":24},"end":{"line":842,"column":138}},"276":{"start":{"line":843,"column":8},"end":{"line":843,"column":null}},"277":{"start":{"line":844,"column":8},"end":{"line":844,"column":null}},"278":{"start":{"line":845,"column":8},"end":{"line":845,"column":null}},"279":{"start":{"line":846,"column":8},"end":{"line":847,"column":null}},"280":{"start":{"line":847,"column":12},"end":{"line":847,"column":null}},"281":{"start":{"line":849,"column":8},"end":{"line":849,"column":null}},"282":{"start":{"line":850,"column":8},"end":{"line":850,"column":null}},"283":{"start":{"line":851,"column":8},"end":{"line":851,"column":null}},"284":{"start":{"line":852,"column":27},"end":{"line":852,"column":90}},"285":{"start":{"line":853,"column":8},"end":{"line":863,"column":null}},"286":{"start":{"line":854,"column":22},"end":{"line":854,"column":32}},"287":{"start":{"line":855,"column":12},"end":{"line":857,"column":null}},"288":{"start":{"line":856,"column":16},"end":{"line":856,"column":null}},"289":{"start":{"line":858,"column":12},"end":{"line":860,"column":null}},"290":{"start":{"line":859,"column":16},"end":{"line":859,"column":null}},"291":{"start":{"line":861,"column":12},"end":{"line":861,"column":null}},"292":{"start":{"line":862,"column":12},"end":{"line":862,"column":null}},"293":{"start":{"line":864,"column":32},"end":{"line":864,"column":94}},"294":{"start":{"line":865,"column":8},"end":{"line":865,"column":null}},"295":{"start":{"line":866,"column":24},"end":{"line":866,"column":75}},"296":{"start":{"line":867,"column":8},"end":{"line":868,"column":null}},"297":{"start":{"line":868,"column":12},"end":{"line":868,"column":null}},"298":{"start":{"line":876,"column":23},"end":{"line":876,"column":86}},"299":{"start":{"line":877,"column":8},"end":{"line":878,"column":null}},"300":{"start":{"line":878,"column":12},"end":{"line":878,"column":null}},"301":{"start":{"line":886,"column":22},"end":{"line":886,"column":53}},"302":{"start":{"line":887,"column":8},"end":{"line":887,"column":null}},"303":{"start":{"line":888,"column":26},"end":{"line":888,"column":54}},"304":{"start":{"line":889,"column":26},"end":{"line":889,"column":54}},"305":{"start":{"line":890,"column":40},"end":{"line":890,"column":null}},"306":{"start":{"line":891,"column":32},"end":{"line":891,"column":null}},"307":{"start":{"line":892,"column":35},"end":{"line":892,"column":null}},"308":{"start":{"line":893,"column":28},"end":{"line":893,"column":77}},"309":{"start":{"line":894,"column":28},"end":{"line":894,"column":30}},"310":{"start":{"line":895,"column":42},"end":{"line":895,"column":null}},"311":{"start":{"line":896,"column":21},"end":{"line":896,"column":61}},"312":{"start":{"line":897,"column":8},"end":{"line":1030,"column":null}},"313":{"start":{"line":898,"column":12},"end":{"line":898,"column":null}},"314":{"start":{"line":899,"column":12},"end":{"line":899,"column":null}},"315":{"start":{"line":900,"column":12},"end":{"line":900,"column":null}},"316":{"start":{"line":901,"column":31},"end":{"line":901,"column":33}},"317":{"start":{"line":902,"column":32},"end":{"line":902,"column":null}},"318":{"start":{"line":903,"column":40},"end":{"line":903,"column":42}},"319":{"start":{"line":904,"column":48},"end":{"line":904,"column":50}},"320":{"start":{"line":905,"column":12},"end":{"line":985,"column":null}},"321":{"start":{"line":906,"column":33},"end":{"line":906,"column":null}},"322":{"start":{"line":907,"column":16},"end":{"line":907,"column":null}},"323":{"start":{"line":909,"column":16},"end":{"line":982,"column":null}},"324":{"start":{"line":910,"column":38},"end":{"line":910,"column":52}},"325":{"start":{"line":911,"column":40},"end":{"line":911,"column":79}},"326":{"start":{"line":912,"column":35},"end":{"line":912,"column":null}},"327":{"start":{"line":913,"column":20},"end":{"line":914,"column":null}},"328":{"start":{"line":914,"column":24},"end":{"line":914,"column":null}},"329":{"start":{"line":917,"column":20},"end":{"line":917,"column":null}},"330":{"start":{"line":919,"column":20},"end":{"line":978,"column":null}},"331":{"start":{"line":920,"column":47},"end":{"line":920,"column":null}},"332":{"start":{"line":921,"column":43},"end":{"line":921,"column":84}},"333":{"start":{"line":923,"column":45},"end":{"line":923,"column":109}},"334":{"start":{"line":924,"column":24},"end":{"line":926,"column":null}},"335":{"start":{"line":925,"column":28},"end":{"line":925,"column":null}},"336":{"start":{"line":926,"column":28},"end":{"line":926,"column":null}},"337":{"start":{"line":928,"column":24},"end":{"line":951,"column":null}},"338":{"start":{"line":929,"column":28},"end":{"line":933,"column":null}},"339":{"start":{"line":930,"column":32},"end":{"line":933,"column":null}},"340":{"start":{"line":931,"column":36},"end":{"line":931,"column":null}},"341":{"start":{"line":933,"column":36},"end":{"line":933,"column":null}},"342":{"start":{"line":936,"column":28},"end":{"line":936,"column":null}},"343":{"start":{"line":937,"column":28},"end":{"line":940,"column":null}},"344":{"start":{"line":941,"column":28},"end":{"line":946,"column":null}},"345":{"start":{"line":942,"column":32},"end":{"line":943,"column":null}},"346":{"start":{"line":943,"column":36},"end":{"line":943,"column":null}},"347":{"start":{"line":945,"column":32},"end":{"line":946,"column":null}},"348":{"start":{"line":946,"column":36},"end":{"line":946,"column":null}},"349":{"start":{"line":949,"column":28},"end":{"line":951,"column":null}},"350":{"start":{"line":950,"column":32},"end":{"line":950,"column":null}},"351":{"start":{"line":951,"column":32},"end":{"line":951,"column":null}},"352":{"start":{"line":954,"column":24},"end":{"line":959,"column":null}},"353":{"start":{"line":955,"column":28},"end":{"line":955,"column":null}},"354":{"start":{"line":956,"column":28},"end":{"line":956,"column":null}},"355":{"start":{"line":957,"column":28},"end":{"line":959,"column":null}},"356":{"start":{"line":958,"column":32},"end":{"line":958,"column":null}},"357":{"start":{"line":959,"column":32},"end":{"line":959,"column":null}},"358":{"start":{"line":962,"column":24},"end":{"line":969,"column":null}},"359":{"start":{"line":963,"column":28},"end":{"line":969,"column":null}},"360":{"start":{"line":964,"column":32},"end":{"line":965,"column":null}},"361":{"start":{"line":965,"column":36},"end":{"line":965,"column":null}},"362":{"start":{"line":967,"column":32},"end":{"line":967,"column":null}},"363":{"start":{"line":969,"column":32},"end":{"line":969,"column":null}},"364":{"start":{"line":972,"column":24},"end":{"line":978,"column":null}},"365":{"start":{"line":973,"column":28},"end":{"line":973,"column":null}},"366":{"start":{"line":975,"column":28},"end":{"line":976,"column":null}},"367":{"start":{"line":976,"column":32},"end":{"line":976,"column":null}},"368":{"start":{"line":978,"column":28},"end":{"line":978,"column":null}},"369":{"start":{"line":982,"column":20},"end":{"line":982,"column":null}},"370":{"start":{"line":984,"column":16},"end":{"line":985,"column":null}},"371":{"start":{"line":985,"column":20},"end":{"line":985,"column":null}},"372":{"start":{"line":989,"column":12},"end":{"line":989,"column":null}},"373":{"start":{"line":991,"column":12},"end":{"line":994,"column":null}},"374":{"start":{"line":992,"column":16},"end":{"line":992,"column":null}},"375":{"start":{"line":993,"column":16},"end":{"line":994,"column":null}},"376":{"start":{"line":994,"column":20},"end":{"line":994,"column":null}},"377":{"start":{"line":998,"column":12},"end":{"line":1030,"column":null}},"378":{"start":{"line":999,"column":16},"end":{"line":1004,"column":null}},"379":{"start":{"line":1000,"column":20},"end":{"line":1001,"column":null}},"380":{"start":{"line":1001,"column":24},"end":{"line":1001,"column":null}},"381":{"start":{"line":1003,"column":20},"end":{"line":1004,"column":null}},"382":{"start":{"line":1004,"column":24},"end":{"line":1004,"column":null}},"383":{"start":{"line":1007,"column":39},"end":{"line":1008,"column":null}},"384":{"start":{"line":1008,"column":35},"end":{"line":1008,"column":71}},"385":{"start":{"line":1010,"column":16},"end":{"line":1029,"column":null}},"386":{"start":{"line":1011,"column":20},"end":{"line":1025,"column":null}},"387":{"start":{"line":1012,"column":24},"end":{"line":1019,"column":null}},"388":{"start":{"line":1013,"column":44},"end":{"line":1013,"column":76}},"389":{"start":{"line":1014,"column":28},"end":{"line":1017,"column":null}},"390":{"start":{"line":1018,"column":28},"end":{"line":1018,"column":null}},"391":{"start":{"line":1020,"column":43},"end":{"line":1024,"column":null}},"392":{"start":{"line":1021,"column":41},"end":{"line":1021,"column":null}},"393":{"start":{"line":1022,"column":41},"end":{"line":1022,"column":null}},"394":{"start":{"line":1023,"column":28},"end":{"line":1023,"column":null}},"395":{"start":{"line":1025,"column":24},"end":{"line":1025,"column":null}},"396":{"start":{"line":1027,"column":20},"end":{"line":1027,"column":null}},"397":{"start":{"line":1028,"column":20},"end":{"line":1028,"column":null}},"398":{"start":{"line":1030,"column":16},"end":{"line":1030,"column":null}},"399":{"start":{"line":1034,"column":8},"end":{"line":1034,"column":null}},"400":{"start":{"line":1036,"column":8},"end":{"line":1036,"column":null}},"401":{"start":{"line":1038,"column":8},"end":{"line":1038,"column":null}},"402":{"start":{"line":1040,"column":8},"end":{"line":1047,"column":null}},"403":{"start":{"line":1041,"column":12},"end":{"line":1047,"column":null}},"404":{"start":{"line":1042,"column":39},"end":{"line":1042,"column":76}},"405":{"start":{"line":1043,"column":40},"end":{"line":1043,"column":73}},"406":{"start":{"line":1044,"column":16},"end":{"line":1044,"column":null}},"407":{"start":{"line":1045,"column":16},"end":{"line":1045,"column":null}},"408":{"start":{"line":1046,"column":16},"end":{"line":1046,"column":null}},"409":{"start":{"line":1047,"column":16},"end":{"line":1047,"column":null}},"410":{"start":{"line":1051,"column":8},"end":{"line":1060,"column":null}},"411":{"start":{"line":1052,"column":12},"end":{"line":1059,"column":null}},"412":{"start":{"line":1053,"column":33},"end":{"line":1053,"column":50}},"413":{"start":{"line":1054,"column":16},"end":{"line":1057,"column":null}},"414":{"start":{"line":1055,"column":20},"end":{"line":1057,"column":null}},"415":{"start":{"line":1056,"column":24},"end":{"line":1056,"column":null}},"416":{"start":{"line":1062,"column":8},"end":{"line":1062,"column":null}},"417":{"start":{"line":1063,"column":8},"end":{"line":1063,"column":null}},"418":{"start":{"line":1064,"column":8},"end":{"line":1065,"column":null}},"419":{"start":{"line":1065,"column":12},"end":{"line":1065,"column":null}},"420":{"start":{"line":1067,"column":8},"end":{"line":1067,"column":null}},"421":{"start":{"line":1068,"column":8},"end":{"line":1068,"column":null}},"422":{"start":{"line":1070,"column":8},"end":{"line":1071,"column":null}},"423":{"start":{"line":1071,"column":12},"end":{"line":1071,"column":null}},"424":{"start":{"line":1073,"column":8},"end":{"line":1073,"column":null}},"425":{"start":{"line":1074,"column":8},"end":{"line":1074,"column":null}},"426":{"start":{"line":1075,"column":8},"end":{"line":1075,"column":null}},"427":{"start":{"line":1082,"column":8},"end":{"line":1082,"column":null}},"428":{"start":{"line":1093,"column":8},"end":{"line":1097,"column":null}},"429":{"start":{"line":1094,"column":12},"end":{"line":1095,"column":null}},"430":{"start":{"line":1095,"column":16},"end":{"line":1095,"column":null}},"431":{"start":{"line":1097,"column":12},"end":{"line":1097,"column":null}},"432":{"start":{"line":1099,"column":8},"end":{"line":1101,"column":null}},"433":{"start":{"line":1101,"column":12},"end":{"line":1101,"column":null}},"434":{"start":{"line":1103,"column":8},"end":{"line":1103,"column":null}},"435":{"start":{"line":1108,"column":24},"end":{"line":1108,"column":87}},"436":{"start":{"line":1109,"column":21},"end":{"line":1109,"column":51}},"437":{"start":{"line":1110,"column":25},"end":{"line":1110,"column":43}},"438":{"start":{"line":1111,"column":8},"end":{"line":1111,"column":null}},"439":{"start":{"line":1112,"column":8},"end":{"line":1118,"column":null}},"440":{"start":{"line":1113,"column":23},"end":{"line":1113,"column":42}},"441":{"start":{"line":1114,"column":22},"end":{"line":1114,"column":40}},"442":{"start":{"line":1115,"column":12},"end":{"line":1115,"column":null}},"443":{"start":{"line":1116,"column":12},"end":{"line":1116,"column":null}},"444":{"start":{"line":1117,"column":12},"end":{"line":1117,"column":null}},"445":{"start":{"line":1119,"column":8},"end":{"line":1119,"column":null}},"446":{"start":{"line":1120,"column":8},"end":{"line":1120,"column":null}},"447":{"start":{"line":1121,"column":8},"end":{"line":1121,"column":null}},"448":{"start":{"line":1125,"column":20},"end":{"line":1125,"column":null}},"449":{"start":{"line":1126,"column":8},"end":{"line":1126,"column":null}},"450":{"start":{"line":1127,"column":8},"end":{"line":1127,"column":null}},"451":{"start":{"line":1128,"column":8},"end":{"line":1128,"column":null}},"452":{"start":{"line":1132,"column":18},"end":{"line":1132,"column":null}},"453":{"start":{"line":1133,"column":8},"end":{"line":1134,"column":null}},"454":{"start":{"line":1134,"column":12},"end":{"line":1134,"column":null}},"455":{"start":{"line":1136,"column":8},"end":{"line":1136,"column":null}},"456":{"start":{"line":1140,"column":18},"end":{"line":1140,"column":null}},"457":{"start":{"line":1141,"column":8},"end":{"line":1146,"column":null}},"458":{"start":{"line":1142,"column":12},"end":{"line":1142,"column":null}},"459":{"start":{"line":1144,"column":12},"end":{"line":1144,"column":null}},"460":{"start":{"line":1145,"column":12},"end":{"line":1145,"column":null}},"461":{"start":{"line":1146,"column":12},"end":{"line":1146,"column":null}},"462":{"start":{"line":1148,"column":8},"end":{"line":1148,"column":null}},"463":{"start":{"line":1152,"column":36},"end":{"line":1152,"column":38}},"464":{"start":{"line":1153,"column":8},"end":{"line":1163,"column":null}},"465":{"start":{"line":1154,"column":28},"end":{"line":1154,"column":null}},"466":{"start":{"line":1155,"column":26},"end":{"line":1155,"column":null}},"467":{"start":{"line":1156,"column":33},"end":{"line":1156,"column":82}},"468":{"start":{"line":1157,"column":29},"end":{"line":1157,"column":null}},"469":{"start":{"line":1158,"column":12},"end":{"line":1163,"column":null}},"470":{"start":{"line":1165,"column":8},"end":{"line":1165,"column":null}},"471":{"start":{"line":1169,"column":37},"end":{"line":1169,"column":null}},"472":{"start":{"line":1170,"column":8},"end":{"line":1173,"column":null}},"473":{"start":{"line":1170,"column":21},"end":{"line":1170,"column":24}},"474":{"start":{"line":1171,"column":12},"end":{"line":1173,"column":null}},"475":{"start":{"line":1172,"column":16},"end":{"line":1172,"column":null}},"476":{"start":{"line":1173,"column":16},"end":{"line":1173,"column":null}},"477":{"start":{"line":1176,"column":8},"end":{"line":1177,"column":null}},"478":{"start":{"line":1177,"column":12},"end":{"line":1177,"column":null}},"479":{"start":{"line":1179,"column":8},"end":{"line":1180,"column":null}},"480":{"start":{"line":1180,"column":12},"end":{"line":1180,"column":null}},"481":{"start":{"line":1182,"column":24},"end":{"line":1182,"column":78}},"482":{"start":{"line":1183,"column":8},"end":{"line":1188,"column":null}},"483":{"start":{"line":1192,"column":31},"end":{"line":1192,"column":58}},"484":{"start":{"line":1193,"column":26},"end":{"line":1193,"column":54}},"485":{"start":{"line":1194,"column":29},"end":{"line":1194,"column":104}},"486":{"start":{"line":1195,"column":25},"end":{"line":1195,"column":56}},"487":{"start":{"line":1196,"column":8},"end":{"line":1197,"column":null}},"488":{"start":{"line":1197,"column":12},"end":{"line":1197,"column":null}},"489":{"start":{"line":1199,"column":24},"end":{"line":1199,"column":54}},"490":{"start":{"line":1200,"column":8},"end":{"line":1203,"column":null}},"491":{"start":{"line":1207,"column":31},"end":{"line":1207,"column":58}},"492":{"start":{"line":1208,"column":26},"end":{"line":1208,"column":54}},"493":{"start":{"line":1209,"column":29},"end":{"line":1209,"column":104}},"494":{"start":{"line":1210,"column":24},"end":{"line":1210,"column":null}},"495":{"start":{"line":1211,"column":28},"end":{"line":1211,"column":null}},"496":{"start":{"line":1212,"column":21},"end":{"line":1212,"column":45}},"497":{"start":{"line":1213,"column":8},"end":{"line":1213,"column":null}},"498":{"start":{"line":1214,"column":26},"end":{"line":1214,"column":47}},"499":{"start":{"line":1215,"column":8},"end":{"line":1218,"column":null}},"500":{"start":{"line":1223,"column":31},"end":{"line":1223,"column":58}},"501":{"start":{"line":1224,"column":37},"end":{"line":1224,"column":null}},"502":{"start":{"line":1225,"column":28},"end":{"line":1225,"column":49}},"503":{"start":{"line":1226,"column":8},"end":{"line":1227,"column":null}},"504":{"start":{"line":1227,"column":12},"end":{"line":1227,"column":null}},"505":{"start":{"line":1229,"column":31},"end":{"line":1229,"column":null}},"506":{"start":{"line":1230,"column":23},"end":{"line":1230,"column":null}},"507":{"start":{"line":1231,"column":32},"end":{"line":1231,"column":85}},"508":{"start":{"line":1232,"column":28},"end":{"line":1232,"column":84}},"509":{"start":{"line":1233,"column":28},"end":{"line":1233,"column":52}},"510":{"start":{"line":1234,"column":8},"end":{"line":1234,"column":null}},"511":{"start":{"line":1235,"column":8},"end":{"line":1235,"column":null}},"512":{"start":{"line":1236,"column":8},"end":{"line":1236,"column":null}},"513":{"start":{"line":1237,"column":24},"end":{"line":1237,"column":62}},"514":{"start":{"line":1238,"column":8},"end":{"line":1243,"column":null}},"515":{"start":{"line":1239,"column":12},"end":{"line":1239,"column":null}},"516":{"start":{"line":1240,"column":12},"end":{"line":1240,"column":null}},"517":{"start":{"line":1242,"column":31},"end":{"line":1242,"column":60}},"518":{"start":{"line":1243,"column":12},"end":{"line":1243,"column":null}},"519":{"start":{"line":1245,"column":8},"end":{"line":1245,"column":null}},"520":{"start":{"line":1249,"column":8},"end":{"line":1249,"column":null}},"521":{"start":{"line":1253,"column":22},"end":{"line":1253,"column":76}},"522":{"start":{"line":1254,"column":20},"end":{"line":1254,"column":58}},"523":{"start":{"line":1255,"column":8},"end":{"line":1255,"column":null}},"524":{"start":{"line":1256,"column":8},"end":{"line":1256,"column":null}},"525":{"start":{"line":1257,"column":8},"end":{"line":1257,"column":null}},"526":{"start":{"line":1258,"column":37},"end":{"line":1258,"column":39}},"527":{"start":{"line":1259,"column":32},"end":{"line":1259,"column":null}},"528":{"start":{"line":1260,"column":8},"end":{"line":1260,"column":null}},"529":{"start":{"line":1261,"column":8},"end":{"line":1261,"column":null}},"530":{"start":{"line":1262,"column":8},"end":{"line":1262,"column":null}},"531":{"start":{"line":1263,"column":8},"end":{"line":1263,"column":null}},"532":{"start":{"line":1264,"column":8},"end":{"line":1264,"column":null}},"533":{"start":{"line":1265,"column":8},"end":{"line":1265,"column":null}},"534":{"start":{"line":1266,"column":8},"end":{"line":1266,"column":null}},"535":{"start":{"line":1267,"column":8},"end":{"line":1267,"column":null}},"536":{"start":{"line":1268,"column":8},"end":{"line":1268,"column":null}},"537":{"start":{"line":1269,"column":8},"end":{"line":1269,"column":null}},"538":{"start":{"line":1273,"column":8},"end":{"line":1275,"column":null}},"539":{"start":{"line":1274,"column":12},"end":{"line":1274,"column":null}},"540":{"start":{"line":1275,"column":12},"end":{"line":1275,"column":null}},"541":{"start":{"line":1280,"column":8},"end":{"line":1284,"column":null}},"542":{"start":{"line":1281,"column":12},"end":{"line":1282,"column":null}},"543":{"start":{"line":1282,"column":16},"end":{"line":1282,"column":null}},"544":{"start":{"line":1288,"column":14},"end":{"line":1296,"column":null}},"545":{"start":{"line":1290,"column":12},"end":{"line":1293,"column":null}},"546":{"start":{"line":1291,"column":16},"end":{"line":1291,"column":null}},"547":{"start":{"line":1293,"column":16},"end":{"line":1293,"column":null}},"548":{"start":{"line":1295,"column":12},"end":{"line":1295,"column":null}},"549":{"start":{"line":1296,"column":12},"end":{"line":1296,"column":null}},"550":{"start":{"line":1298,"column":8},"end":{"line":1304,"column":null}},"551":{"start":{"line":1299,"column":12},"end":{"line":1300,"column":null}},"552":{"start":{"line":1300,"column":16},"end":{"line":1300,"column":null}},"553":{"start":{"line":1303,"column":12},"end":{"line":1304,"column":null}},"554":{"start":{"line":1304,"column":16},"end":{"line":1304,"column":null}},"555":{"start":{"line":1310,"column":31},"end":{"line":1310,"column":58}},"556":{"start":{"line":1311,"column":26},"end":{"line":1311,"column":54}},"557":{"start":{"line":1312,"column":29},"end":{"line":1312,"column":null}},"558":{"start":{"line":1313,"column":25},"end":{"line":1313,"column":56}},"559":{"start":
[...]
:1424:36:1424:38":654,"b:1426:12:1443:Infinity:undefined:undefined:undefined:undefined":184,"s:1426:12:1443:Infinity":655,"b:1426:16:1426:45:1426:45:1426:69":185,"s:1427:16:1427:Infinity":656,"s:1428:16:1428:Infinity":657,"s:1429:33:1429:51":658,"s:1430:36:1430:60":659,"s:1431:16:1443:Infinity":660,"f:1431:25:1431:33":67,"s:1432:20:1442:Infinity":661,"f:1432:32:1432:40":68,"s:1435:42:1435:62":662,"b:1436:24:1437:Infinity:undefined:undefined:undefined:undefined":186,"s:1436:24:1437:Infinity":663,"b:1436:28:1436:55:1436:55:1436:81":187,"s:1437:28:1437:Infinity":664,"s:1439:38:1439:66":665,"s:1440:40:1440:103":666,"b:1440:74:1440:93:1440:93:1440:103":188,"s:1441:24:1441:Infinity":667,"b:1446:12:1455:Infinity:1448:23:1455:Infinity":189,"s:1446:12:1455:Infinity":668,"s:1447:16:1447:Infinity":669,"b:1448:23:1455:Infinity:1452:23:1455:Infinity":190,"s:1448:23:1455:Infinity":670,"s:1451:16:1451:Infinity":671,"b:1452:23:1455:Infinity:undefined:undefined:undefined:undefined":191,"s:1452:23:1455:Infinity":672,"s:1454:35:1454:Infinity":673,"s:1455:16:1455:Infinity":674,"b:1463:4:1479:Infinity:1478:11:1479:Infinity":192,"s:1463:4:1479:Infinity":675,"s:1464:32:1464:Infinity":676,"s:1465:22:1465:Infinity":677,"s:1466:8:1475:Infinity":678,"s:1466:21:1466:28":679,"s:1467:39:1467:66":680,"b:1468:12:1469:Infinity:undefined:undefined:undefined:undefined":193,"s:1468:12:1469:Infinity":681,"s:1469:16:1469:Infinity":682,"s:1472:27:1472:73":683,"s:1473:33:1473:93":684,"s:1475:12:1475:Infinity":685,"s:1477:8:1477:Infinity":686,"s:1479:8:1479:Infinity":687,"s:1482:4:1482:Infinity":688,"s:1485:21:1502:Infinity":689,"f:1485:21:1485:78":69,"s:1486:14:1486:36":690,"b:1487:4:1500:Infinity:1493:15:1500:Infinity":194,"s:1487:4:1500:Infinity":691,"b:1488:8:1491:Infinity:1490:15:1491:Infinity":195,"s:1488:8:1491:Infinity":692,"s:1489:12:1489:Infinity":693,"s:1491:12:1491:Infinity":694,"b:1493:15:1500:Infinity:1495:15:1500:Infinity":196,"s:1493:15:1500:Infinity":695,"s:1494:8:1494:Infinity":696,"b:1495:15:1500:Infinity:1497:15:1500:Infinity":197,"s:1495:15:1500:Infinity":697,"s:1496:8:1496:Infinity":698,"b:1497:15:1500:Infinity:1499:11:1500:Infinity":198,"s:1497:15:1500:Infinity":699,"s:1498:8:1498:Infinity":700,"s:1500:8:1500:Infinity":701,"s:1502:4:1502:Infinity":702,"s:1505:31:1514:Infinity":703,"f:1505:31:1505:Infinity":70,"s:1510:21:1510:52":704,"s:1511:22:1511:55":705,"b:1512:4:1512:Infinity:undefined:undefined:undefined:undefined":199,"s:1512:4:1512:Infinity":706,"s:1512:20:1512:Infinity":707,"s:1513:4:1513:Infinity":708,"s:1514:4:1514:Infinity":709,"s:1517:32:1546:Infinity":710,"f:1517:32:1517:42":71,"s:1518:19:1518:49":711,"s:1519:19:1519:Infinity":712,"s:1520:23:1520:56":713,"b:1521:4:1539:Infinity:undefined:undefined:undefined:undefined":200,"s:1521:4:1539:Infinity":714,"s:1522:22:1522:62":715,"b:1523:8:1539:Infinity:undefined:undefined:undefined:undefined":201,"s:1523:8:1539:Infinity":716,"s:1524:28:1524:Infinity":717,"s:1525:37:1525:39":718,"b:1526:12:1530:Infinity:undefined:undefined:undefined:undefined":202,"s:1526:12:1530:Infinity":719,"s:1527:16:1530:Infinity":720,"s:1527:29:1527:40":721,"s:1528:32:1528:Infinity":722,"b:1529:20:1530:Infinity:undefined:undefined:undefined:undefined":203,"s:1529:20:1530:Infinity":723,"b:1529:24:1529:40:1529:40:1529:61:1529:61:1529:73":204,"s:1530:24:1530:Infinity":724,"b:1534:12:1537:Infinity:1536:19:1537:Infinity":205,"s:1534:12:1537:Infinity":725,"s:1535:16:1535:Infinity":726,"s:1537:16:1537:Infinity":727,"s:1539:12:1539:Infinity":728,"s:1542:25:1542:Infinity":729,"b:1543:4:1544:Infinity:undefined:undefined:undefined:undefined":206,"s:1543:4:1544:Infinity":730,"b:1543:8:1543:33:1543:33:1543:63:1543:63:1543:84":207,"s:1544:8:1544:Infinity":731,"s:1546:4:1546:Infinity":732,"s:1549:39:1549:Infinity":733,"s:1550:32:1550:Infinity":734,"s:1552:20:1553:Infinity":735,"f:1552:20:1552:30":72,"s:1553:4:1553:Infinity":736,"s:1556:20:1562:Infinity":737,"f:1556:20:1556:30":73,"s:1557:4:1559:Infinity":738,"b:1558:8:1559:Infinity:undefined:undefined:undefined:undefined":208,"s:1558:8:1559:Infinity":739,"s:1559:12:1559:Infinity":740,"s:1562:4:1562:Infinity":741,"s:1565:23:1574:Infinity":742,"f:1565:23:1565:33":74,"b:1566:4:1569:Infinity:undefined:undefined:undefined:undefined":209,"s:1566:4:1569:Infinity":743,"s:1567:8:1569:Infinity":744,"s:1571:4:1574:Infinity":745,"s:1577:28:1582:Infinity":746,"f:1577:28:1577:38":75,"b:1578:4:1579:Infinity:undefined:undefined:undefined:undefined":210,"s:1578:4:1579:Infinity":747,"s:1579:8:1579:Infinity":748,"s:1581:4:1581:Infinity":749,"s:1582:4:1582:Infinity":750,"s:1585:32:1586:Infinity":751,"f:1585:32:1585:42":76,"s:1586:4:1586:Infinity":752,"s:1589:27:1635:Infinity":753,"f:1589:27:1589:37":77,"s:1590:19:1590:51":754,"s:1592:4:1632:Infinity":755,"s:1592:17:1592:36":756,"s:1593:25:1593:Infinity":757,"s:1594:24:1594:Infinity":758,"s:1596:8:1632:Infinity":759,"s:1596:21:1596:42":760,"s:1597:25:1597:49":761,"b:1598:12:1599:Infinity:undefined:undefined:undefined:undefined":211,"s:1598:12:1599:Infinity":762,"b:1598:16:1598:38:1598:38:1598:66:1598:66:1598:87":212,"s:1599:16:1599:Infinity":763,"s:1601:30:1601:Infinity":764,"s:1602:26:1602:46":765,"s:1603:30:1603:Infinity":766,"b:1604:12:1605:Infinity:undefined:undefined:undefined:undefined":213,"s:1604:12:1605:Infinity":767,"b:1604:16:1604:30:1604:30:1604:70":214,"s:1605:16:1605:Infinity":768,"b:1607:12:1609:Infinity:undefined:undefined:undefined:undefined":215,"s:1607:12:1609:Infinity":769,"b:1607:16:1607:32:1607:32:1607:45":216,"s:1608:16:1608:Infinity":770,"s:1609:16:1609:Infinity":771,"b:1611:12:1618:Infinity:1614:19:1618:Infinity":217,"s:1611:12:1618:Infinity":772,"s:1612:16:1612:Infinity":773,"s:1613:16:1613:Infinity":774,"b:1615:16:1616:Infinity:undefined:undefined:undefined:undefined":218,"s:1615:16:1616:Infinity":775,"s:1616:20:1616:Infinity":776,"s:1618:16:1618:Infinity":777,"s:1620:38:1620:63":778,"b:1621:12:1622:Infinity:undefined:undefined:undefined:undefined":219,"s:1621:12:1622:Infinity":779,"s:1622:16:1622:Infinity":780,"s:1624:38:1624:40":781,"b:1625:12:1626:Infinity:undefined:undefined:undefined:undefined":220,"s:1625:12:1626:Infinity":782,"s:1626:16:1626:Infinity":783,"s:1628:31:1628:70":784,"b:1629:12:1630:Infinity:undefined:undefined:undefined:undefined":221,"s:1629:12:1630:Infinity":785,"b:1629:16:1629:22:1629:22:1629:42":222,"s:1630:16:1630:Infinity":786,"s:1632:12:1632:Infinity":787,"s:1635:4:1635:Infinity":788,"s:1638:28:1646:Infinity":789,"f:1638:28:1638:38":78,"s:1639:31:1639:73":790,"b:1640:4:1641:Infinity:undefined:undefined:undefined:undefined":223,"s:1640:4:1641:Infinity":791,"b:1640:8:1640:35:1640:35:1640:55":224,"s:1641:8:1641:Infinity":792,"b:1643:4:1644:Infinity:undefined:undefined:undefined:undefined":225,"s:1643:4:1644:Infinity":793,"s:1644:8:1644:Infinity":794,"s:1646:4:1646:Infinity":795,"s:1649:21:1681:Infinity":796,"f:1649:21:1649:31":79,"b:1650:4:1651:Infinity:undefined:undefined:undefined:undefined":226,"s:1650:4:1651:Infinity":797,"s:1651:8:1651:Infinity":798,"s:1653:26:1653:28":799,"s:1655:19:1655:53":800,"b:1656:4:1664:Infinity:undefined:undefined:undefined:undefined":227,"s:1656:4:1664:Infinity":801,"b:1656:8:1656:32:1656:32:1656:51":228,"s:1657:20:1657:37":802,"s:1658:8:1664:Infinity":803,"b:1659:12:1661:Infinity:undefined:undefined:undefined:undefined":229,"s:1659:12:1661:Infinity":804,"s:1660:16:1660:Infinity":805,"s:1661:16:1661:Infinity":806,"b:1663:12:1664:Infinity:undefined:undefined:undefined:undefined":230,"s:1663:12:1664:Infinity":807,"s:1664:16:1664:Infinity":808,"s:1669:21:1669:50":809,"b:1670:4:1674:Infinity:undefined:undefined:undefined:undefined":231,"s:1670:4:1674:Infinity":810,"b:1670:8:1670:34:1670:34:1670:55":232,"s:1671:8:1674:Infinity":811,"s:1672:22:1672:32":812,"b:1673:12:1674:Infinity:undefined:undefined:undefined:undefined":233,"s:1673:12:1674:Infinity":813,"b:1673:16:1673:37:1673:37:1673:53":234,"s:1674:16:1674:Infinity":814,"b:1678:4:1679:Infinity:undefined:undefined:undefined:undefined":235,"s:1678:4:1679:Infinity":815,"s:1679:8:1679:Infinity":816,"s:1681:4:1681:Infinity":817,"s:1684:23:1691:Infinity":818,"f:1684:23:1684:33":80,"s:1685:32:1685:34":819,"s:1686:4:1688:Infinity":820,"b:1687:8:1688:Infinity:undefined:undefined:undefined:undefined":236,"s:1687:8:1688:Infinity":821,"s:1688:12:1688:Infinity":822,"s:1691:4:1691:Infinity":823,"s:1694:19:1713:Infinity":824,"f:1694:19:1694:29":81,"s:1695:30:1695:32":825,"s:1696:32:1696:34":826,"s:1697:45:1697:75":827,"s:1698:4:1706:Infinity":828,"s:1699:33:1699:35":829,"b:1700:8:1703:Infinity:1702:15:1703:Infinity":237,"s:1700:8:1703:Infinity":830,"s:1701:12:1701:Infinity":831,"s:1703:12:1703:Infinity":832,"s:1705:8:1705:Infinity":833,"s:1706:8:1706:Infinity":834,"s:1708:4:1708:Infinity":835,"f:1708:12:1708:18":82,"s:1708:27:1708:33":836,"s:1709:4:1711:Infinity":837,"s:1710:23:1710:38":838,"s:1711:8:1711:Infinity":839,"s:1713:4:1713:Infinity":840,"s:1716:6:1731:Infinity":841,"f:1716:6:1716:29":83,"s:1717:21:1717:64":842,"s:1718:21:1718:76":843,"s:1719:27:1719:88":844,"f:1719:39:1719:46":84,"s:1719:51:1719:88":845,"b:1720:4:1721:Infinity:undefined:undefined:undefined:undefined":238,"s:1720:4:1721:Infinity":846,"b:1720:8:1720:40:1720:40:1720:68":239,"s:1721:8:1721:Infinity":847,"s:1723:25:1723:49":848,"s:1724:4:1728:Infinity":849,"s:1724:21:1724:44":850,"s:1725:22:1725:50":851,"s:1726:23:1726:49":852,"b:1727:8:1728:Infinity:undefined:undefined:undefined:undefined":240,"s:1727:8:1728:Infinity":853,"b:1727:12:1727:26:1727:26:1727:38":241,"s:1728:12:1728:Infinity":854,"s:1731:4:1731:Infinity":855,"s:1734:6:1746:Infinity":856,"f:1734:6:1734:23":85,"s:1735:24:1735:Infinity":857,"s:1736:4:1743:Infinity":858,"b:1737:8:1740:Infinity:1739:15:1740:Infinity":242,"s:1737:8:1740:Infinity":859,"b:1737:12:1737:38:1737:38:1737:57":243,"s:1738:12:1738:Infinity":860,"s:1740:12:1740:Infinity":861,"b:1742:8:1743:Infinity:undefined:undefined:undefined:undefined":244,"s:1742:8:1743:Infinity":862,"b:1742:12:1742:25:1742:29:1742:41":245,"s:1743:12:1743:Infinity":863,"s:1746:4:1746:Infinity":864,"s:1749:6:1787:Infinity":865,"f:1749:6:1749:26":86,"s:1750:17:1750:Infinity":866,"b:1751:4:1752:Infinity:undefined:undefined:undefined:undefined":246,"s:1751:4:1752:Infinity":867,"s:1752:8:1752:Infinity":868,"s:1754:23:1754:Infinity":869,"s:1755:23:1755:71":870,"s:1756:22:1756:76":871,"f:1756:34:1756:41":87,"s:1756:46:1756:76":872,"b:1757:4:1760:Infinity:undefined:undefined:undefined:undefined":247,"s:1757:4:1760:Infinity":873,"s:1758:20:1758:Infinity":874,"b:1759:8:1760:Infinity:undefined:undefined:undefined:undefined":248,"s:1759:8:1760:Infinity":875,"s:1760:12:1760:Infinity":876,"b:1763:4:1782:Infinity:undefined:undefined:undefined:undefined":249,"s:1763:4:1782:Infinity":877,"b:1763:9:1763:38:1763:38:1763:63":250,"s:1764:8:1782:Infinity":878,"s:1764:21:1764:24":879,"s:1765:26:1765:Infinity":880,"s:1766:26:1766:53":881,"b:1767:12:1768:Infinity:undefined:undefined:undefined:undefined":251,"s:1767:12:1768:Infinity":882,"s:1768:16:1768:Infinity":883,"s:1770:27:1770:Infinity":884,"s:1771:22:1771:78":885,"b:1772:12:1773:Infinity:undefined:undefined:undefined:undefined":252,"s:1772:12:1773:Infinity":886,"s:1773:16:1773:Infinity":887,"s:1775:23:1775:66":888,"s:1776:23:1776:Infinity":889,"s:1777:26:1777:42":890,"b:1778:12:1782:Infinity:undefined:undefined:undefined:undefined":253,"s:1778:12:1782:Infinity":891,"b:1779:16:1782:Infinity:1781:23:1782:Infinity":254,"s:1779:16:1782:Infinity":892,"s:1780:20:1780:Infinity":893,"s:1782:20:1782:Infinity":894,"s:1787:4:1787:Infinity":895,"s:1790:6:1805:Infinity":896,"f:1790:6:1790:26":88,"s:1791:28:1791:Infinity":897,"b:1792:4:1793:Infinity:undefined:undefined:undefined:undefined":255,"s:1792:4:1793:Infinity":898,"b:1792:8:1792:30:1792:30:1792:55":256,"s:1793:8:1793:Infinity":899,"s:1795:14:1795:33":900,"s:1796:18:1796:79":901,"s:1797:21:1797:75":902,"s:1798:25:1798:46":903,"b:1799:4:1800:Infinity:undefined:undefined:undefined:undefined":257,"s:1799:4:1800:Infinity":904,"s:1800:8:1800:Infinity":905,"b:1802:4:1803:Infinity:undefined:undefined:undefined:undefined":258,"s:1802:4:1803:Infinity":906,"s:1803:8:1803:Infinity":907,"s:1805:4:1805:Infinity":908,"s:1808:24:1839:Infinity":909,"f:1808:24:1808:34":89,"b:1809:4:1811:Infinity:undefined:undefined:undefined:undefined":259,"s:1809:4:1811:Infinity":910,"s:1810:8:1810:Infinity":911,"s:1811:8:1811:Infinity":912,"s:1813:4:1813:Infinity":913,"s:1814:4:1839:Infinity":914,"s:1815:8:1836:Infinity":915,"f:1815:19:1815:28":90,"s:1816:22:1816:Infinity":916,"s:1817:26:1817:Infinity":917,"s:1818:22:1818:Infinity":918,"s:1820:25:1820:45":919,"b:1821:12:1823:Infinity:undefined:undefined:undefined:undefined":260,"s:1821:12:1823:Infinity":920,"b:1821:16:1821:Infinity:1822:17:1822:45:1822:45:1822:68:1822:68:1822:88":261,"s:1823:16:1823:Infinity":921,"s:1826:32:1826:50":922,"s:1829:32:1829:52":923,"s:1831:12:1831:Infinity":924,"s:1832:12:1832:Infinity":925,"s:1833:12:1833:Infinity":926,"s:1835:12:1835:Infinity":927,"s:1838:21:1838:Infinity":928,"s:1839:8:1839:Infinity":929,"s:1843:42:1862:Infinity":930,"f:1843:42:1843:52":91,"s:1844:26:1844:28":931,"s:1845:31:1845:Infinity":932,"s:1846:21:1846:Infinity":933,"b:1847:4:1852:Infinity:undefined:undefined:undefined:undefined":262,"s:1847:4:1852:Infinity":934,"b:1847:9:1847:37:1847:37:1847:Infinity:1848:8:1848:Infinity:1849:8:1849:37":263,"s:1850:18:1850:Infinity":935,"b:1851:8:1852:Infinity:undefined:undefined:undefined:undefined":264,"s:1851:8:1852:Infinity":936,"s:1852:12:1852:Infinity":937,"b:1855:4:1856:Infinity:undefined:undefined:undefined:undefined":265,"s:1855:4:1856:Infinity":938,"b:1855:8:1855:23:1855:23:1855:48":266,"s:1856:8:1856:Infinity":939,"s:1858:4:1858:Infinity":940,"s:1859:18:1859:Infinity":941,"s:1861:4:1861:Infinity":942,"f:1861:22:1861:31":92,"s:1861:53:1861:104":943,"s:1862:4:1862:Infinity":944,"b:1862:29:1862:36:1862:36:1862:Infinity":267,"s:1865:26:1871:Infinity":945,"f:1865:26:1865:36":93,"s:1866:4:1868:Infinity":946,"b:1867:8:1868:Infinity:undefined:undefined:undefined:undefined":268,"s:1867:8:1868:Infinity":947,"s:1868:12:1868:Infinity":948,"s:1871:4:1871:Infinity":949,"s:1874:36:1898:Infinity":950,"f:1874:36:1874:46":94,"b:1876:4:1877:Infinity:undefined:undefined:undefined:undefined":269,"s:1876:4:1877:Infinity":951,"b:1876:8:1876:43:1876:43:1876:75:1876:75:1876:114":270,"s:1877:8:1877:Infinity":952,"s:1879:26:1879:28":953,"s:1880:4:1891:Infinity":954,"b:1881:8:1882:Infinity:undefined:undefined:undefined:undefined":271,"s:1881:8:1882:Infinity":955,"s:1882:12:1882:Infinity":956,"s:1885:8:1891:Infinity":957,"b:1886:12:1887:Infinity:undefined:undefined:undefined:undefined":272,"s:1886:12:1887:Infinity":958,"b:1886:16:1886:43:1886:43:1886:74":273,"s:1887:16:1887:Infinity":959,"s:1889:22:1889:73":960,"b:1890:12:1891:Infinity:undefined:undefined:undefined:undefined":274,"s:1890:12:1891:Infinity":961,"b:1890:16:1890:37:1890:37:1890:53":275,"s:1891:16:1891:Infinity":962,"b:1895:4:1896:Infinity:undefined:undefined:undefined:undefined":276,"s:1895:4:1896:Infinity":963,"s:1896:8:1896:Infinity":964,"s:1898:4:1898:Infinity":965,"s:1907:6:1925:Infinity":966,"f:1907:6:1907:27":95,"s:1909:27:1909:29":967,"s:1910:4:1919:Infinity":968,"b:1911:8:1912:Infinity:undefined:undefined:undefined:undefined":277,"s:1911:8:1912:Infinity":969,"s:1912:12:1912:Infinity":970,"b:1914:8:1915:Infinity:undefined:undefined:undefined:undefined":278,"s:1914:8:1915:Infinity":971,"s:1915:12:1915:Infinity":972,"b:1917:8:1919:Infinity:undefined:undefined:undefined:undefined":279,"s:1917:8:1919:Infinity":973,"b:1917:12:1917:37:1918:12:1918:39":280,"s:1919:12:1919:Infinity":974,"b:1922:4:1923:Infinity:undefined:undefined:undefined:undefined":281,"s:1922:4:1923:Infinity":975,"b:1922:8:1922:30:1922:30:1922:44":282,"s:1923:8:1923:Infinity":976,"s:1925:4:1925:Infinity":977,"s:1928:16:1988:Infinity":978,"f:1928:16:1928:Infinity":96,"s:1932:21:1932:45":979,"s:1933:18:1933:54":980,"b:1934:4:1937:Infinity:undefined:undefined:undefined:undefined":283,"s:1934:4:1937:Infinity":981,"s:1935:8:1937:Infinity":982,"b:1939:4:1943:Infinity:undefined:undefined:undefined:undefined":284,"s:1939:4:1943:Infinity":983,"s:1940:8:1943:Infinity":984,"b:1945:4:1947:Infinity:undefined:undefined:undefined:undefined":285,"s:1945:4:1947:Infinity":985,"s:1946:25:1946:50":986,"s:1947:8:1947:Infinity":987,"s:1949:4:1949:Infinity":988,"b:1950:4:1951:Infinity:undefined:undefined:undefined:undefined":286,"s:1950:4:1951:Infinity":989,"b:1950:8:1950:47:1950:47:1950:83":287,"s:1951:8:1951:Infinity":990,"s:1954:19:1954:54":991,"s:1955:17:1955:46":992,"b:1956:4:1961:Infinity:undefined:undefined:undefined:undefined":288,"s:1956:4:1961:Infinity":993,"s:1957:8:1961:Infinity":994,"s:1964:33:1964:35":995,"s:1965:16:1965:70":996,"s:1966:4:1975:Infinity":997,"b:1967:8:1970:Infinity:undefined:undefined:undefined:undefined":289,"s:1967:8:1970:Infinity":998,"b:1967:12:1967:Infinity:1968:12:1968:Infinity:1969:12:1969:36":290,"s:1970:12:1970:Infinity":999,"s:1973:18:1973:61":1000,"b:1974:8:1975:Infinity:undefined:undefined:undefined:undefined":291,"s:1974:8:1975:Infinity":1001,"b:1974:12:1974:33:1974:33:1974:49":292,"s:1975:12:1975:Infinity":1002,"b:1978:4:1983:Infinity:undefined:undefined:undefined:undefined":293,"s:1978:4:1983:Infinity":1003,"s:1979:8:1983:Infinity":1004,"s:1985:4:1988:Infinity":1005,"s:1991:25:1999:Infinity":1006,"f:1991:25:1991:Infinity":97,"s:1995:18:1995:57":1007,"b:1996:4:1997:Infinity:undefined:undefined:undefined:undefined":294,"s:1996:4:1997:Infinity":1008,"b:1996:8:1996:36:1996:36:1996:59":295,"s:1997:8:1997:Infinity":1009,"s:1999:4:1999:Infinity":1010,"s:2002:6:2021:Infinity":1011,"f:2002:6:2002:20":98,"s:2004:18:2004:43":1012,"b:2005:4:2013:Infinity:2007:15:2013:Infinity":296,"s:2005:4:2013:Infinity":1013,"b:2005:8:2005:27:2005:27:2005:41:2005:41:2005:64:2005:64:2005:88":297,"s:2006:8:2006:Infinity":1014,"b:2007:15:2013:Infinity:2012:11:2013:Infinity":298,"s:2007:15:2013:Infinity":1015,"b:2008:8:2009:Infinity:undefined:undefined:undefined:undefined":299,"s:2008:8:2009:Infinity":1016,"b:2008:12:2008:27:2008:27:2008:55":300,"s:2009:12:2009:Infinity":1017,"s:2011:8:2011:Infinity":1018,"s:2013:8:2013:Infinity":1019,"s:2015:19:2015:47":1020,"s:2016:4:2018:Infinity":1021,"b:2017:8:2018:Infinity:undefined:undefined:undefined:undefined":301,"s:2017:8:2018:Infinity":1022,"s:2018:12:2018:Infinity":1023,"s:2021:4:2021:Infinity":1024,"s:2024:6:2050:Infinity":1025,"f:2024:6:2024:30":99,"s:2025:28:2025:30":1026,"b:2026:4:2027:Infinity:undefined:undefined:undefined:undefined":302,"s:2026:4:2027:Infinity":1027,"b:2026:8:2026:64:2026:64:2026:106":303,"s:2027:8:2027:Infinity":1028,"b:2029:4:2040:Infinity:2037:11:2040:Infinity":304,"s:2029:4:2040:Infinity":1029,"b:2029:8:2029:47:2029:47:2029:82":305,"s:2030:8:2034:Infinity":1030,"s:2031:30:2031:Infinity":1031,"b:2032:12:2034:Infinity:undefined:undefined:undefined:undefined":306,"s:2032:12:2034:Infinity":1032,"b:2032:16:2032:45:2033:16:2033:43":307,"s:2034:16:2034:Infinity":1033,"s:2038:8:2040:Infinity":1034,"b:2039:12:2040:Infinity:undefined:undefined:undefined:undefined":308,"s:2039:12:2040:Infinity":1035,"s:2040:16:2040:Infinity":1036,"b:2044:4:2045:Infinity:undefined:undefined:undefined:undefined":309,"s:2044:4:2045:Infinity":1037,"b:2044:7:2044:49:2044:49:2044:85":310,"s:2045:8:2045:Infinity":1038,"s:2047:4:2048:Infinity":1039,"s:2048:8:2048:Infinity":1040,"s:2050:4:2050:Infinity":1041,"s:2053:17:2055:Infinity":1042,"f:2053:17:2053:24":100,"s:2054:24:2054:50":1043,"s:2055:4:2055:Infinity":1044,"s:2059:22:2059:Infinity":1045,"s:2060:21:2060:Infinity":1046,"s:2061:24:2061:Infinity":1047,"s:2062:24:2062:Infinity":1048,"s:2063:24:2063:Infinity":1049,"s:2064:26:2064:Infinity":1050,"s:2065:26:2065:Infinity":1051,"s:2066:29:2066:Infinity":1052,"s:2067:27:2067:Infinity":1053,"s:2068:30:2068:Infinity":1054,"s:2069:30:2069:Infinity":1055,"s:2070:33:2070:Infinity":1056,"s:2071:34:2071:Infinity":1057,"s:2072:36:2072:Infinity":1058,"s:2073:37:2073:Infinity":1059}}}
}
